{"D:\\Project\\backend\\src\\controllers\\aiController.ts": {"path":"D:\\Project\\backend\\src\\controllers\\aiController.ts","statementMap":{"0":{"start":{"line":2,"column":0},"end":{"line":2,"column":28}},"1":{"start":{"line":3,"column":0},"end":{"line":3,"column":52}},"2":{"start":{"line":4,"column":0},"end":{"line":4,"column":46}},"3":{"start":{"line":5,"column":0},"end":{"line":5,"column":20}},"4":{"start":{"line":6,"column":0},"end":{"line":6,"column":24}},"5":{"start":{"line":7,"column":0},"end":{"line":7,"column":28}},"6":{"start":{"line":10,"column":17},"end":{"line":10,"column":76}},"7":{"start":{"line":11,"column":16},"end":{"line":11,"column":66}},"8":{"start":{"line":12,"column":19},"end":{"line":12,"column":73}},"9":{"start":{"line":15,"column":16},"end":{"line":15,"column":80}},"10":{"start":{"line":16,"column":17},"end":{"line":16,"column":68}},"11":{"start":{"line":17,"column":14},"end":{"line":17,"column":65}},"12":{"start":{"line":19,"column":0},"end":{"line":19,"column":66}},"13":{"start":{"line":20,"column":0},"end":{"line":20,"column":45}},"14":{"start":{"line":21,"column":0},"end":{"line":21,"column":44}},"15":{"start":{"line":22,"column":0},"end":{"line":22,"column":46}},"16":{"start":{"line":23,"column":0},"end":{"line":23,"column":86}},"17":{"start":{"line":24,"column":0},"end":{"line":24,"column":66}},"18":{"start":{"line":26,"column":15},"end":{"line":31,"column":9}},"19":{"start":{"line":33,"column":13},"end":{"line":327,"column":2}},"20":{"start":{"line":39,"column":4},"end":{"line":221,"column":5}},"21":{"start":{"line":40,"column":44},"end":{"line":40,"column":52}},"22":{"start":{"line":42,"column":6},"end":{"line":44,"column":7}},"23":{"start":{"line":43,"column":8},"end":{"line":43,"column":98}},"24":{"start":{"line":46,"column":6},"end":{"line":46,"column":103}},"25":{"start":{"line":51,"column":26},"end":{"line":51,"column":28}},"26":{"start":{"line":53,"column":6},"end":{"line":103,"column":7}},"27":{"start":{"line":54,"column":22},"end":{"line":54,"column":63}},"28":{"start":{"line":55,"column":8},"end":{"line":62,"column":9}},"29":{"start":{"line":56,"column":28},"end":{"line":56,"column":58}},"30":{"start":{"line":57,"column":10},"end":{"line":61,"column":11}},"31":{"start":{"line":58,"column":12},"end":{"line":58,"column":105}},"32":{"start":{"line":59,"column":12},"end":{"line":59,"column":127}},"33":{"start":{"line":60,"column":12},"end":{"line":60,"column":21}},"34":{"start":{"line":64,"column":26},"end":{"line":64,"column":108}},"35":{"start":{"line":65,"column":8},"end":{"line":65,"column":40}},"36":{"start":{"line":65,"column":31},"end":{"line":65,"column":40}},"37":{"start":{"line":67,"column":36},"end":{"line":67,"column":130}},"38":{"start":{"line":68,"column":34},"end":{"line":78,"column":28}},"39":{"start":{"line":80,"column":8},"end":{"line":80,"column":105}},"40":{"start":{"line":82,"column":34},"end":{"line":90,"column":10}},"41":{"start":{"line":92,"column":31},"end":{"line":92,"column":83}},"42":{"start":{"line":94,"column":8},"end":{"line":100,"column":9}},"43":{"start":{"line":95,"column":11},"end":{"line":97,"column":12}},"44":{"start":{"line":96,"column":13},"end":{"line":96,"column":74}},"45":{"start":{"line":99,"column":11},"end":{"line":99,"column":85}},"46":{"start":{"line":102,"column":8},"end":{"line":102,"column":115}},"47":{"start":{"line":105,"column":6},"end":{"line":105,"column":108}},"48":{"start":{"line":110,"column":23},"end":{"line":110,"column":69}},"49":{"start":{"line":111,"column":6},"end":{"line":113,"column":7}},"50":{"start":{"line":112,"column":8},"end":{"line":112,"column":52}},"51":{"start":{"line":116,"column":26},"end":{"line":116,"column":72}},"52":{"start":{"line":117,"column":19},"end":{"line":117,"column":77}},"53":{"start":{"line":118,"column":28},"end":{"line":118,"column":63}},"54":{"start":{"line":121,"column":6},"end":{"line":125,"column":7}},"55":{"start":{"line":122,"column":8},"end":{"line":122,"column":138}},"56":{"start":{"line":123,"column":25},"end":{"line":123,"column":64}},"57":{"start":{"line":124,"column":8},"end":{"line":124,"column":71}},"58":{"start":{"line":130,"column":27},"end":{"line":151,"column":3}},"59":{"start":{"line":153,"column":25},"end":{"line":160,"column":2}},"60":{"start":{"line":162,"column":6},"end":{"line":162,"column":88}},"61":{"start":{"line":164,"column":25},"end":{"line":173,"column":8}},"62":{"start":{"line":175,"column":24},"end":{"line":175,"column":63}},"63":{"start":{"line":176,"column":6},"end":{"line":176,"column":65}},"64":{"start":{"line":176,"column":22},"end":{"line":176,"column":65}},"65":{"start":{"line":178,"column":22},"end":{"line":178,"column":82}},"66":{"start":{"line":179,"column":27},"end":{"line":179,"column":29}},"67":{"start":{"line":180,"column":6},"end":{"line":197,"column":7}},"68":{"start":{"line":181,"column":23},"end":{"line":181,"column":44}},"69":{"start":{"line":183,"column":8},"end":{"line":193,"column":9}},"70":{"start":{"line":184,"column":10},"end":{"line":184,"column":43}},"71":{"start":{"line":185,"column":15},"end":{"line":193,"column":9}},"72":{"start":{"line":186,"column":10},"end":{"line":186,"column":41}},"73":{"start":{"line":187,"column":15},"end":{"line":193,"column":9}},"74":{"start":{"line":188,"column":10},"end":{"line":188,"column":34}},"75":{"start":{"line":190,"column":10},"end":{"line":192,"column":11}},"76":{"start":{"line":191,"column":14},"end":{"line":191,"column":40}},"77":{"start":{"line":195,"column":8},"end":{"line":195,"column":58}},"78":{"start":{"line":196,"column":8},"end":{"line":196,"column":63}},"79":{"start":{"line":199,"column":6},"end":{"line":203,"column":7}},"80":{"start":{"line":200,"column":8},"end":{"line":200,"column":68}},"81":{"start":{"line":200,"column":59},"end":{"line":200,"column":66}},"82":{"start":{"line":202,"column":8},"end":{"line":202,"column":28}},"83":{"start":{"line":205,"column":6},"end":{"line":205,"column":87}},"84":{"start":{"line":208,"column":6},"end":{"line":213,"column":7}},"85":{"start":{"line":209,"column":8},"end":{"line":209,"column":81}},"86":{"start":{"line":210,"column":8},"end":{"line":210,"column":97}},"87":{"start":{"line":212,"column":8},"end":{"line":212,"column":67}},"88":{"start":{"line":215,"column":6},"end":{"line":215,"column":56}},"89":{"start":{"line":218,"column":6},"end":{"line":218,"column":56}},"90":{"start":{"line":219,"column":6},"end":{"line":219,"column":61}},"91":{"start":{"line":219,"column":26},"end":{"line":219,"column":61}},"92":{"start":{"line":220,"column":6},"end":{"line":220,"column":71}},"93":{"start":{"line":228,"column":4},"end":{"line":259,"column":5}},"94":{"start":{"line":229,"column":39},"end":{"line":229,"column":47}},"95":{"start":{"line":230,"column":6},"end":{"line":230,"column":96}},"96":{"start":{"line":230,"column":20},"end":{"line":230,"column":96}},"97":{"start":{"line":232,"column":30},"end":{"line":234,"column":95}},"98":{"start":{"line":236,"column":6},"end":{"line":236,"column":41}},"99":{"start":{"line":238,"column":25},"end":{"line":251,"column":8}},"100":{"start":{"line":253,"column":27},"end":{"line":253,"column":72}},"101":{"start":{"line":254,"column":6},"end":{"line":254,"column":54}},"102":{"start":{"line":257,"column":6},"end":{"line":257,"column":54}},"103":{"start":{"line":258,"column":6},"end":{"line":258,"column":94}},"104":{"start":{"line":266,"column":4},"end":{"line":325,"column":5}},"105":{"start":{"line":267,"column":53},"end":{"line":267,"column":61}},"106":{"start":{"line":269,"column":6},"end":{"line":271,"column":7}},"107":{"start":{"line":270,"column":8},"end":{"line":270,"column":88}},"108":{"start":{"line":273,"column":6},"end":{"line":275,"column":7}},"109":{"start":{"line":274,"column":8},"end":{"line":274,"column":85}},"110":{"start":{"line":277,"column":6},"end":{"line":277,"column":73}},"111":{"start":{"line":279,"column":27},"end":{"line":279,"column":29}},"112":{"start":{"line":280,"column":6},"end":{"line":282,"column":9}},"113":{"start":{"line":281,"column":8},"end":{"line":281,"column":94}},"114":{"start":{"line":284,"column":27},"end":{"line":292,"column":8}},"115":{"start":{"line":294,"column":25},"end":{"line":306,"column":8}},"116":{"start":{"line":308,"column":25},"end":{"line":316,"column":8}},"117":{"start":{"line":318,"column":23},"end":{"line":318,"column":78}},"118":{"start":{"line":320,"column":6},"end":{"line":320,"column":50}},"119":{"start":{"line":323,"column":6},"end":{"line":323,"column":55}},"120":{"start":{"line":324,"column":6},"end":{"line":324,"column":71}}},"fnMap":{"0":{"name":"(anonymous_1)","decl":{"start":{"line":38,"column":20},"end":{"line":38,"column":25}},"loc":{"start":{"line":38,"column":58},"end":{"line":222,"column":3}}},"1":{"name":"(anonymous_2)","decl":{"start":{"line":200,"column":47},"end":{"line":200,"column":48}},"loc":{"start":{"line":200,"column":59},"end":{"line":200,"column":66}}},"2":{"name":"(anonymous_3)","decl":{"start":{"line":227,"column":14},"end":{"line":227,"column":19}},"loc":{"start":{"line":227,"column":52},"end":{"line":260,"column":3}}},"3":{"name":"(anonymous_4)","decl":{"start":{"line":265,"column":21},"end":{"line":265,"column":26}},"loc":{"start":{"line":265,"column":59},"end":{"line":326,"column":3}}},"4":{"name":"(anonymous_5)","decl":{"start":{"line":280,"column":22},"end":{"line":280,"column":23}},"loc":{"start":{"line":280,"column":48},"end":{"line":282,"column":7}}}},"branchMap":{"0":{"loc":{"start":{"line":10,"column":17},"end":{"line":10,"column":76}},"type":"binary-expr","locations":[{"start":{"line":10,"column":17},"end":{"line":10,"column":40}},{"start":{"line":10,"column":44},"end":{"line":10,"column":76}}]},"1":{"loc":{"start":{"line":11,"column":16},"end":{"line":11,"column":66}},"type":"binary-expr","locations":[{"start":{"line":11,"column":16},"end":{"line":11,"column":38}},{"start":{"line":11,"column":42},"end":{"line":11,"column":66}}]},"2":{"loc":{"start":{"line":12,"column":19},"end":{"line":12,"column":73}},"type":"binary-expr","locations":[{"start":{"line":12,"column":19},"end":{"line":12,"column":44}},{"start":{"line":12,"column":48},"end":{"line":12,"column":73}}]},"3":{"loc":{"start":{"line":15,"column":16},"end":{"line":15,"column":80}},"type":"binary-expr","locations":[{"start":{"line":15,"column":16},"end":{"line":15,"column":46}},{"start":{"line":15,"column":50},"end":{"line":15,"column":80}}]},"4":{"loc":{"start":{"line":16,"column":17},"end":{"line":16,"column":68}},"type":"binary-expr","locations":[{"start":{"line":16,"column":17},"end":{"line":16,"column":40}},{"start":{"line":16,"column":44},"end":{"line":16,"column":68}}]},"5":{"loc":{"start":{"line":17,"column":14},"end":{"line":17,"column":65}},"type":"cond-expr","locations":[{"start":{"line":17,"column":24},"end":{"line":17,"column":33}},{"start":{"line":17,"column":36},"end":{"line":17,"column":65}}]},"6":{"loc":{"start":{"line":23,"column":32},"end":{"line":23,"column":82}},"type":"cond-expr","locations":[{"start":{"line":23,"column":42},"end":{"line":23,"column":64}},{"start":{"line":23,"column":67},"end":{"line":23,"column":82}}]},"7":{"loc":{"start":{"line":42,"column":6},"end":{"line":44,"column":7}},"type":"if","locations":[{"start":{"line":42,"column":6},"end":{"line":44,"column":7}}]},"8":{"loc":{"start":{"line":42,"column":10},"end":{"line":42,"column":60}},"type":"binary-expr","locations":[{"start":{"line":42,"column":10},"end":{"line":42,"column":15}},{"start":{"line":42,"column":19},"end":{"line":42,"column":39}},{"start":{"line":42,"column":43},"end":{"line":42,"column":60}}]},"9":{"loc":{"start":{"line":46,"column":71},"end":{"line":46,"column":99}},"type":"binary-expr","locations":[{"start":{"line":46,"column":71},"end":{"line":46,"column":84}},{"start":{"line":46,"column":88},"end":{"line":46,"column":99}}]},"10":{"loc":{"start":{"line":54,"column":29},"end":{"line":54,"column":62}},"type":"binary-expr","locations":[{"start":{"line":54,"column":29},"end":{"line":54,"column":48}},{"start":{"line":54,"column":52},"end":{"line":54,"column":62}}]},"11":{"loc":{"start":{"line":55,"column":8},"end":{"line":62,"column":9}},"type":"if","locations":[{"start":{"line":55,"column":8},"end":{"line":62,"column":9}}]},"12":{"loc":{"start":{"line":57,"column":10},"end":{"line":61,"column":11}},"type":"if","locations":[{"start":{"line":57,"column":10},"end":{"line":61,"column":11}}]},"13":{"loc":{"start":{"line":57,"column":14},"end":{"line":57,"column":85}},"type":"binary-expr","locations":[{"start":{"line":57,"column":14},"end":{"line":57,"column":23}},{"start":{"line":57,"column":27},"end":{"line":57,"column":47}},{"start":{"line":57,"column":51},"end":{"line":57,"column":85}}]},"14":{"loc":{"start":{"line":58,"column":77},"end":{"line":58,"column":101}},"type":"binary-expr","locations":[{"start":{"line":58,"column":77},"end":{"line":58,"column":92}},{"start":{"line":58,"column":96},"end":{"line":58,"column":101}}]},"15":{"loc":{"start":{"line":59,"column":50},"end":{"line":59,"column":79}},"type":"binary-expr","locations":[{"start":{"line":59,"column":50},"end":{"line":59,"column":65}},{"start":{"line":59,"column":69},"end":{"line":59,"column":79}}]},"16":{"loc":{"start":{"line":64,"column":26},"end":{"line":64,"column":108}},"type":"cond-expr","locations":[{"start":{"line":64,"column":44},"end":{"line":64,"column":103}},{"start":{"line":64,"column":106},"end":{"line":64,"column":108}}]},"17":{"loc":{"start":{"line":65,"column":8},"end":{"line":65,"column":40}},"type":"if","locations":[{"start":{"line":65,"column":8},"end":{"line":65,"column":40}}]},"18":{"loc":{"start":{"line":69,"column":17},"end":{"line":69,"column":53}},"type":"binary-expr","locations":[{"start":{"line":69,"column":17},"end":{"line":69,"column":30}},{"start":{"line":69,"column":34},"end":{"line":69,"column":53}}]},"19":{"loc":{"start":{"line":80,"column":62},"end":{"line":80,"column":98}},"type":"binary-expr","locations":[{"start":{"line":80,"column":62},"end":{"line":80,"column":75}},{"start":{"line":80,"column":79},"end":{"line":80,"column":98}}]},"20":{"loc":{"start":{"line":92,"column":31},"end":{"line":92,"column":83}},"type":"binary-expr","locations":[{"start":{"line":92,"column":31},"end":{"line":92,"column":77}},{"start":{"line":92,"column":81},"end":{"line":92,"column":83}}]},"21":{"loc":{"start":{"line":95,"column":11},"end":{"line":97,"column":12}},"type":"if","locations":[{"start":{"line":95,"column":11},"end":{"line":97,"column":12}}]},"22":{"loc":{"start":{"line":102,"column":46},"end":{"line":102,"column":73}},"type":"binary-expr","locations":[{"start":{"line":102,"column":46},"end":{"line":102,"column":59}},{"start":{"line":102,"column":63},"end":{"line":102,"column":73}}]},"23":{"loc":{"start":{"line":111,"column":6},"end":{"line":113,"column":7}},"type":"if","locations":[{"start":{"line":111,"column":6},"end":{"line":113,"column":7}}]},"24":{"loc":{"start":{"line":116,"column":49},"end":{"line":116,"column":71}},"type":"binary-expr","locations":[{"start":{"line":116,"column":49},"end":{"line":116,"column":62}},{"start":{"line":116,"column":66},"end":{"line":116,"column":71}}]},"25":{"loc":{"start":{"line":121,"column":6},"end":{"line":125,"column":7}},"type":"if","locations":[{"start":{"line":121,"column":6},"end":{"line":125,"column":7}}]},"26":{"loc":{"start":{"line":122,"column":79},"end":{"line":122,"column":107}},"type":"binary-expr","locations":[{"start":{"line":122,"column":79},"end":{"line":122,"column":92}},{"start":{"line":122,"column":96},"end":{"line":122,"column":107}}]},"27":{"loc":{"start":{"line":176,"column":6},"end":{"line":176,"column":65}},"type":"if","locations":[{"start":{"line":176,"column":6},"end":{"line":176,"column":65}}]},"28":{"loc":{"start":{"line":183,"column":8},"end":{"line":193,"column":9}},"type":"if","locations":[{"start":{"line":183,"column":8},"end":{"line":193,"column":9}},{"start":{"line":185,"column":15},"end":{"line":193,"column":9}}]},"29":{"loc":{"start":{"line":183,"column":12},"end":{"line":183,"column":61}},"type":"binary-expr","locations":[{"start":{"line":183,"column":12},"end":{"line":183,"column":27}},{"start":{"line":183,"column":31},"end":{"line":183,"column":61}}]},"30":{"loc":{"start":{"line":185,"column":15},"end":{"line":193,"column":9}},"type":"if","locations":[{"start":{"line":185,"column":15},"end":{"line":193,"column":9}},{"start":{"line":187,"column":15},"end":{"line":193,"column":9}}]},"31":{"loc":{"start":{"line":185,"column":19},"end":{"line":185,"column":64}},"type":"binary-expr","locations":[{"start":{"line":185,"column":19},"end":{"line":185,"column":32}},{"start":{"line":185,"column":36},"end":{"line":185,"column":64}}]},"32":{"loc":{"start":{"line":187,"column":15},"end":{"line":193,"column":9}},"type":"if","locations":[{"start":{"line":187,"column":15},"end":{"line":193,"column":9}},{"start":{"line":189,"column":15},"end":{"line":193,"column":9}}]},"33":{"loc":{"start":{"line":190,"column":10},"end":{"line":192,"column":11}},"type":"if","locations":[{"start":{"line":190,"column":10},"end":{"line":192,"column":11}}]},"34":{"loc":{"start":{"line":190,"column":14},"end":{"line":190,"column":48}},"type":"binary-expr","locations":[{"start":{"line":190,"column":14},"end":{"line":190,"column":26}},{"start":{"line":190,"column":30},"end":{"line":190,"column":48}}]},"35":{"loc":{"start":{"line":199,"column":6},"end":{"line":203,"column":7}},"type":"if","locations":[{"start":{"line":199,"column":6},"end":{"line":203,"column":7}},{"start":{"line":201,"column":13},"end":{"line":203,"column":7}}]},"36":{"loc":{"start":{"line":219,"column":6},"end":{"line":219,"column":61}},"type":"if","locations":[{"start":{"line":219,"column":6},"end":{"line":219,"column":61}}]},"37":{"loc":{"start":{"line":230,"column":6},"end":{"line":230,"column":96}},"type":"if","locations":[{"start":{"line":230,"column":6},"end":{"line":230,"column":96}}]},"38":{"loc":{"start":{"line":232,"column":30},"end":{"line":234,"column":95}},"type":"cond-expr","locations":[{"start":{"line":233,"column":10},"end":{"line":233,"column":21}},{"start":{"line":234,"column":10},"end":{"line":234,"column":95}}]},"39":{"loc":{"start":{"line":232,"column":30},"end":{"line":232,"column":63}},"type":"binary-expr","locations":[{"start":{"line":232,"column":30},"end":{"line":232,"column":41}},{"start":{"line":232,"column":45},"end":{"line":232,"column":63}}]},"40":{"loc":{"start":{"line":253,"column":27},"end":{"line":253,"column":72}},"type":"binary-expr","locations":[{"start":{"line":253,"column":27},"end":{"line":253,"column":66}},{"start":{"line":253,"column":70},"end":{"line":253,"column":72}}]},"41":{"loc":{"start":{"line":269,"column":6},"end":{"line":271,"column":7}},"type":"if","locations":[{"start":{"line":269,"column":6},"end":{"line":271,"column":7}}]},"42":{"loc":{"start":{"line":269,"column":10},"end":{"line":269,"column":69}},"type":"binary-expr","locations":[{"start":{"line":269,"column":10},"end":{"line":269,"column":18}},{"start":{"line":269,"column":22},"end":{"line":269,"column":45}},{"start":{"line":269,"column":49},"end":{"line":269,"column":69}}]},"43":{"loc":{"start":{"line":273,"column":6},"end":{"line":275,"column":7}},"type":"if","locations":[{"start":{"line":273,"column":6},"end":{"line":275,"column":7}}]},"44":{"loc":{"start":{"line":281,"column":64},"end":{"line":281,"column":89}},"type":"binary-expr","locations":[{"start":{"line":281,"column":64},"end":{"line":281,"column":73}},{"start":{"line":281,"column":77},"end":{"line":281,"column":89}}]},"45":{"loc":{"start":{"line":300,"column":10},"end":{"line":300,"column":90}},"type":"cond-expr","locations":[{"start":{"line":300,"column":27},"end":{"line":300,"column":62}},{"start":{"line":300,"column":65},"end":{"line":300,"column":90}}]},"46":{"loc":{"start":{"line":318,"column":23},"end":{"line":318,"column":78}},"type":"binary-expr","locations":[{"start":{"line":318,"column":23},"end":{"line":318,"column":62}},{"start":{"line":318,"column":66},"end":{"line":318,"column":78}}]}},"s":{"0":0,"1":0,"2":0,"3":0,"4":0,"5":0,"6":0,"7":0,"8":0,"9":0,"10":0,"11":0,"12":0,"13":0,"14":0,"15":0,"16":0,"17":0,"18":0,"19":0,"20":0,"21":0,"22":0,"23":0,"24":0,"25":0,"26":0,"27":0,"28":0,"29":0,"30":0,"31":0,"32":0,"33":0,"34":0,"35":0,"36":0,"37":0,"38":0,"39":0,"40":0,"41":0,"42":0,"43":0,"44":0,"45":0,"46":0,"47":0,"48":0,"49":0,"50":0,"51":0,"52":0,"53":0,"54":0,"55":0,"56":0,"57":0,"58":0,"59":0,"60":0,"61":0,"62":0,"63":0,"64":0,"65":0,"66":0,"67":0,"68":0,"69":0,"70":0,"71":0,"72":0,"73":0,"74":0,"75":0,"76":0,"77":0,"78":0,"79":0,"80":0,"81":0,"82":0,"83":0,"84":0,"85":0,"86":0,"87":0,"88":0,"89":0,"90":0,"91":0,"92":0,"93":0,"94":0,"95":0,"96":0,"97":0,"98":0,"99":0,"100":0,"101":0,"102":0,"103":0,"104":0,"105":0,"106":0,"107":0,"108":0,"109":0,"110":0,"111":0,"112":0,"113":0,"114":0,"115":0,"116":0,"117":0,"118":0,"119":0,"120":0},"f":{"0":0,"1":0,"2":0,"3":0,"4":0},"b":{"0":[0,0],"1":[0,0],"2":[0,0],"3":[0,0],"4":[0,0],"5":[0,0],"6":[0,0],"7":[0],"8":[0,0,0],"9":[0,0],"10":[0,0],"11":[0],"12":[0],"13":[0,0,0],"14":[0,0],"15":[0,0],"16":[0,0],"17":[0],"18":[0,0],"19":[0,0],"20":[0,0],"21":[0],"22":[0,0],"23":[0],"24":[0,0],"25":[0],"26":[0,0],"27":[0],"28":[0,0],"29":[0,0],"30":[0,0],"31":[0,0],"32":[0,0],"33":[0],"34":[0,0],"35":[0,0],"36":[0],"37":[0],"38":[0,0],"39":[0,0],"40":[0,0],"41":[0],"42":[0,0,0],"43":[0],"44":[0,0],"45":[0,0],"46":[0,0]}}
,"D:\\Project\\backend\\src\\controllers\\authController.ts": {"path":"D:\\Project\\backend\\src\\controllers\\authController.ts","statementMap":{"0":{"start":{"line":2,"column":0},"end":{"line":2,"column":38}},"1":{"start":{"line":3,"column":0},"end":{"line":3,"column":40}},"2":{"start":{"line":6,"column":13},"end":{"line":119,"column":2}},"3":{"start":{"line":12,"column":4},"end":{"line":74,"column":5}},"4":{"start":{"line":13,"column":6},"end":{"line":13,"column":37}},"5":{"start":{"line":14,"column":56},"end":{"line":14,"column":64}},"6":{"start":{"line":15,"column":30},"end":{"line":15,"column":61}},"7":{"start":{"line":18,"column":6},"end":{"line":23,"column":7}},"8":{"start":{"line":19,"column":8},"end":{"line":22,"column":11}},"9":{"start":{"line":26,"column":17},"end":{"line":26,"column":59}},"10":{"start":{"line":27,"column":6},"end":{"line":30,"column":7}},"11":{"start":{"line":29,"column":8},"end":{"line":29,"column":55}},"12":{"start":{"line":32,"column":6},"end":{"line":37,"column":7}},"13":{"start":{"line":33,"column":8},"end":{"line":36,"column":11}},"14":{"start":{"line":40,"column":30},"end":{"line":40,"column":80}},"15":{"start":{"line":41,"column":6},"end":{"line":46,"column":7}},"16":{"start":{"line":42,"column":8},"end":{"line":45,"column":11}},"17":{"start":{"line":49,"column":20},"end":{"line":52,"column":8}},"18":{"start":{"line":54,"column":6},"end":{"line":66,"column":9}},"19":{"start":{"line":69,"column":6},"end":{"line":69,"column":43}},"20":{"start":{"line":70,"column":6},"end":{"line":73,"column":9}},"21":{"start":{"line":82,"column":4},"end":{"line":117,"column":5}},"22":{"start":{"line":83,"column":21},"end":{"line":83,"column":37}},"23":{"start":{"line":85,"column":6},"end":{"line":90,"column":7}},"24":{"start":{"line":86,"column":8},"end":{"line":89,"column":11}},"25":{"start":{"line":92,"column":19},"end":{"line":92,"column":46}},"26":{"start":{"line":94,"column":6},"end":{"line":99,"column":7}},"27":{"start":{"line":95,"column":8},"end":{"line":98,"column":11}},"28":{"start":{"line":101,"column":6},"end":{"line":109,"column":9}},"29":{"start":{"line":112,"column":6},"end":{"line":112,"column":67}},"30":{"start":{"line":113,"column":6},"end":{"line":116,"column":9}}},"fnMap":{"0":{"name":"(anonymous_0)","decl":{"start":{"line":11,"column":9},"end":{"line":11,"column":14}},"loc":{"start":{"line":11,"column":47},"end":{"line":75,"column":3}}},"1":{"name":"(anonymous_1)","decl":{"start":{"line":81,"column":18},"end":{"line":81,"column":23}},"loc":{"start":{"line":81,"column":60},"end":{"line":118,"column":3}}}},"branchMap":{"0":{"loc":{"start":{"line":15,"column":30},"end":{"line":15,"column":61}},"type":"binary-expr","locations":[{"start":{"line":15,"column":30},"end":{"line":15,"column":40}},{"start":{"line":15,"column":44},"end":{"line":15,"column":52}},{"start":{"line":15,"column":56},"end":{"line":15,"column":61}}]},"1":{"loc":{"start":{"line":18,"column":6},"end":{"line":23,"column":7}},"type":"if","locations":[{"start":{"line":18,"column":6},"end":{"line":23,"column":7}}]},"2":{"loc":{"start":{"line":18,"column":10},"end":{"line":18,"column":39}},"type":"binary-expr","locations":[{"start":{"line":18,"column":10},"end":{"line":18,"column":26}},{"start":{"line":18,"column":30},"end":{"line":18,"column":39}}]},"3":{"loc":{"start":{"line":27,"column":6},"end":{"line":30,"column":7}},"type":"if","locations":[{"start":{"line":27,"column":6},"end":{"line":30,"column":7}}]},"4":{"loc":{"start":{"line":32,"column":6},"end":{"line":37,"column":7}},"type":"if","locations":[{"start":{"line":32,"column":6},"end":{"line":37,"column":7}}]},"5":{"loc":{"start":{"line":41,"column":6},"end":{"line":46,"column":7}},"type":"if","locations":[{"start":{"line":41,"column":6},"end":{"line":46,"column":7}}]},"6":{"loc":{"start":{"line":64,"column":22},"end":{"line":64,"column":56}},"type":"binary-expr","locations":[{"start":{"line":64,"column":22},"end":{"line":64,"column":48}},{"start":{"line":64,"column":52},"end":{"line":64,"column":56}}]},"7":{"loc":{"start":{"line":85,"column":6},"end":{"line":90,"column":7}},"type":"if","locations":[{"start":{"line":85,"column":6},"end":{"line":90,"column":7}}]},"8":{"loc":{"start":{"line":94,"column":6},"end":{"line":99,"column":7}},"type":"if","locations":[{"start":{"line":94,"column":6},"end":{"line":99,"column":7}}]}},"s":{"0":1,"1":1,"2":1,"3":3,"4":3,"5":3,"6":3,"7":3,"8":0,"9":3,"10":3,"11":1,"12":3,"13":1,"14":2,"15":2,"16":1,"17":1,"18":1,"19":0,"20":0,"21":0,"22":0,"23":0,"24":0,"25":0,"26":0,"27":0,"28":0,"29":0,"30":0},"f":{"0":3,"1":0},"b":{"0":[3,0,0],"1":[0],"2":[3,3],"3":[1],"4":[1],"5":[1],"6":[1,1],"7":[0],"8":[0]}}
,"D:\\Project\\backend\\src\\controllers\\autoSaveController.ts": {"path":"D:\\Project\\backend\\src\\controllers\\autoSaveController.ts","statementMap":{"0":{"start":{"line":2,"column":0},"end":{"line":2,"column":46}},"1":{"start":{"line":3,"column":0},"end":{"line":3,"column":44}},"2":{"start":{"line":6,"column":13},"end":{"line":269,"column":2}},"3":{"start":{"line":12,"column":4},"end":{"line":89,"column":5}},"4":{"start":{"line":13,"column":25},"end":{"line":13,"column":48}},"5":{"start":{"line":14,"column":26},"end":{"line":14,"column":34}},"6":{"start":{"line":15,"column":21},"end":{"line":15,"column":37}},"7":{"start":{"line":17,"column":6},"end":{"line":22,"column":7}},"8":{"start":{"line":18,"column":8},"end":{"line":21,"column":11}},"9":{"start":{"line":24,"column":6},"end":{"line":29,"column":7}},"10":{"start":{"line":25,"column":8},"end":{"line":28,"column":11}},"11":{"start":{"line":32,"column":6},"end":{"line":37,"column":7}},"12":{"start":{"line":33,"column":8},"end":{"line":36,"column":11}},"13":{"start":{"line":40,"column":23},"end":{"line":40,"column":58}},"14":{"start":{"line":41,"column":6},"end":{"line":46,"column":7}},"15":{"start":{"line":42,"column":8},"end":{"line":45,"column":11}},"16":{"start":{"line":48,"column":22},"end":{"line":48,"column":65}},"17":{"start":{"line":49,"column":6},"end":{"line":54,"column":7}},"18":{"start":{"line":50,"column":8},"end":{"line":53,"column":11}},"19":{"start":{"line":57,"column":22},"end":{"line":57,"column":66}},"20":{"start":{"line":59,"column":6},"end":{"line":64,"column":7}},"21":{"start":{"line":60,"column":8},"end":{"line":63,"column":11}},"22":{"start":{"line":67,"column":28},"end":{"line":67,"column":63}},"23":{"start":{"line":69,"column":6},"end":{"line":80,"column":9}},"24":{"start":{"line":83,"column":6},"end":{"line":83,"column":66}},"25":{"start":{"line":84,"column":6},"end":{"line":88,"column":9}},"26":{"start":{"line":97,"column":2},"end":{"line":204,"column":3}},"27":{"start":{"line":98,"column":4},"end":{"line":98,"column":67}},"28":{"start":{"line":99,"column":4},"end":{"line":99,"column":47}},"29":{"start":{"line":100,"column":4},"end":{"line":100,"column":41}},"30":{"start":{"line":101,"column":4},"end":{"line":101,"column":46}},"31":{"start":{"line":102,"column":4},"end":{"line":102,"column":43}},"32":{"start":{"line":103,"column":4},"end":{"line":103,"column":46}},"33":{"start":{"line":104,"column":4},"end":{"line":107,"column":7}},"34":{"start":{"line":109,"column":22},"end":{"line":109,"column":30}},"35":{"start":{"line":110,"column":19},"end":{"line":110,"column":35}},"36":{"start":{"line":112,"column":4},"end":{"line":117,"column":5}},"37":{"start":{"line":113,"column":6},"end":{"line":116,"column":9}},"38":{"start":{"line":119,"column":4},"end":{"line":125,"column":5}},"39":{"start":{"line":120,"column":6},"end":{"line":120,"column":61}},"40":{"start":{"line":121,"column":6},"end":{"line":124,"column":9}},"41":{"start":{"line":128,"column":4},"end":{"line":135,"column":5}},"42":{"start":{"line":129,"column":6},"end":{"line":129,"column":55}},"43":{"start":{"line":130,"column":6},"end":{"line":134,"column":9}},"44":{"start":{"line":137,"column":4},"end":{"line":143,"column":5}},"45":{"start":{"line":138,"column":6},"end":{"line":138,"column":34}},"46":{"start":{"line":139,"column":6},"end":{"line":142,"column":9}},"47":{"start":{"line":146,"column":4},"end":{"line":176,"column":5}},"48":{"start":{"line":147,"column":6},"end":{"line":147,"column":49}},"49":{"start":{"line":149,"column":6},"end":{"line":156,"column":7}},"50":{"start":{"line":150,"column":8},"end":{"line":155,"column":11}},"51":{"start":{"line":158,"column":25},"end":{"line":158,"column":50}},"52":{"start":{"line":159,"column":23},"end":{"line":159,"column":58}},"53":{"start":{"line":161,"column":6},"end":{"line":167,"column":7}},"54":{"start":{"line":162,"column":8},"end":{"line":166,"column":11}},"55":{"start":{"line":169,"column":22},"end":{"line":169,"column":65}},"56":{"start":{"line":170,"column":6},"end":{"line":175,"column":7}},"57":{"start":{"line":171,"column":8},"end":{"line":174,"column":11}},"58":{"start":{"line":179,"column":20},"end":{"line":179,"column":55}},"59":{"start":{"line":181,"column":4},"end":{"line":186,"column":5}},"60":{"start":{"line":182,"column":6},"end":{"line":185,"column":9}},"61":{"start":{"line":188,"column":4},"end":{"line":195,"column":7}},"62":{"start":{"line":198,"column":4},"end":{"line":198,"column":38}},"63":{"start":{"line":199,"column":4},"end":{"line":203,"column":7}},"64":{"start":{"line":212,"column":4},"end":{"line":267,"column":5}},"65":{"start":{"line":213,"column":25},"end":{"line":213,"column":48}},"66":{"start":{"line":214,"column":21},"end":{"line":214,"column":37}},"67":{"start":{"line":216,"column":6},"end":{"line":221,"column":7}},"68":{"start":{"line":217,"column":8},"end":{"line":220,"column":11}},"69":{"start":{"line":223,"column":6},"end":{"line":228,"column":7}},"70":{"start":{"line":224,"column":8},"end":{"line":227,"column":11}},"71":{"start":{"line":231,"column":23},"end":{"line":231,"column":58}},"72":{"start":{"line":232,"column":6},"end":{"line":237,"column":7}},"73":{"start":{"line":233,"column":8},"end":{"line":236,"column":11}},"74":{"start":{"line":239,"column":22},"end":{"line":239,"column":65}},"75":{"start":{"line":240,"column":6},"end":{"line":245,"column":7}},"76":{"start":{"line":241,"column":8},"end":{"line":244,"column":11}},"77":{"start":{"line":247,"column":21},"end":{"line":247,"column":65}},"78":{"start":{"line":249,"column":6},"end":{"line":259,"column":9}},"79":{"start":{"line":262,"column":6},"end":{"line":262,"column":42}},"80":{"start":{"line":263,"column":6},"end":{"line":266,"column":9}}},"fnMap":{"0":{"name":"(anonymous_0)","decl":{"start":{"line":11,"column":20},"end":{"line":11,"column":25}},"loc":{"start":{"line":11,"column":62},"end":{"line":90,"column":3}}},"1":{"name":"(anonymous_1)","decl":{"start":{"line":96,"column":17},"end":{"line":96,"column":22}},"loc":{"start":{"line":96,"column":59},"end":{"line":205,"column":1}}},"2":{"name":"(anonymous_2)","decl":{"start":{"line":211,"column":21},"end":{"line":211,"column":26}},"loc":{"start":{"line":211,"column":63},"end":{"line":268,"column":3}}}},"branchMap":{"0":{"loc":{"start":{"line":17,"column":6},"end":{"line":22,"column":7}},"type":"if","locations":[{"start":{"line":17,"column":6},"end":{"line":22,"column":7}}]},"1":{"loc":{"start":{"line":24,"column":6},"end":{"line":29,"column":7}},"type":"if","locations":[{"start":{"line":24,"column":6},"end":{"line":29,"column":7}}]},"2":{"loc":{"start":{"line":32,"column":6},"end":{"line":37,"column":7}},"type":"if","locations":[{"start":{"line":32,"column":6},"end":{"line":37,"column":7}}]},"3":{"loc":{"start":{"line":41,"column":6},"end":{"line":46,"column":7}},"type":"if","locations":[{"start":{"line":41,"column":6},"end":{"line":46,"column":7}}]},"4":{"loc":{"start":{"line":49,"column":6},"end":{"line":54,"column":7}},"type":"if","locations":[{"start":{"line":49,"column":6},"end":{"line":54,"column":7}}]},"5":{"loc":{"start":{"line":49,"column":10},"end":{"line":49,"column":50}},"type":"binary-expr","locations":[{"start":{"line":49,"column":10},"end":{"line":49,"column":18}},{"start":{"line":49,"column":22},"end":{"line":49,"column":50}}]},"6":{"loc":{"start":{"line":59,"column":6},"end":{"line":64,"column":7}},"type":"if","locations":[{"start":{"line":59,"column":6},"end":{"line":64,"column":7}}]},"7":{"loc":{"start":{"line":87,"column":15},"end":{"line":87,"column":81}},"type":"cond-expr","locations":[{"start":{"line":87,"column":56},"end":{"line":87,"column":69}},{"start":{"line":87,"column":72},"end":{"line":87,"column":81}}]},"8":{"loc":{"start":{"line":112,"column":4},"end":{"line":117,"column":5}},"type":"if","locations":[{"start":{"line":112,"column":4},"end":{"line":117,"column":5}}]},"9":{"loc":{"start":{"line":119,"column":4},"end":{"line":125,"column":5}},"type":"if","locations":[{"start":{"line":119,"column":4},"end":{"line":125,"column":5}}]},"10":{"loc":{"start":{"line":128,"column":4},"end":{"line":135,"column":5}},"type":"if","locations":[{"start":{"line":128,"column":4},"end":{"line":135,"column":5}}]},"11":{"loc":{"start":{"line":128,"column":8},"end":{"line":128,"column":51}},"type":"binary-expr","locations":[{"start":{"line":128,"column":8},"end":{"line":128,"column":29}},{"start":{"line":128,"column":33},"end":{"line":128,"column":51}}]},"12":{"loc":{"start":{"line":137,"column":4},"end":{"line":143,"column":5}},"type":"if","locations":[{"start":{"line":137,"column":4},"end":{"line":143,"column":5}}]},"13":{"loc":{"start":{"line":149,"column":6},"end":{"line":156,"column":7}},"type":"if","locations":[{"start":{"line":149,"column":6},"end":{"line":156,"column":7}}]},"14":{"loc":{"start":{"line":149,"column":10},"end":{"line":149,"column":62}},"type":"binary-expr","locations":[{"start":{"line":149,"column":10},"end":{"line":149,"column":26}},{"start":{"line":149,"column":30},"end":{"line":149,"column":62}}]},"15":{"loc":{"start":{"line":161,"column":6},"end":{"line":167,"column":7}},"type":"if","locations":[{"start":{"line":161,"column":6},"end":{"line":167,"column":7}}]},"16":{"loc":{"start":{"line":170,"column":6},"end":{"line":175,"column":7}},"type":"if","locations":[{"start":{"line":170,"column":6},"end":{"line":175,"column":7}}]},"17":{"loc":{"start":{"line":170,"column":10},"end":{"line":170,"column":50}},"type":"binary-expr","locations":[{"start":{"line":170,"column":10},"end":{"line":170,"column":18}},{"start":{"line":170,"column":22},"end":{"line":170,"column":50}}]},"18":{"loc":{"start":{"line":181,"column":4},"end":{"line":186,"column":5}},"type":"if","locations":[{"start":{"line":181,"column":4},"end":{"line":186,"column":5}}]},"19":{"loc":{"start":{"line":202,"column":13},"end":{"line":202,"column":79}},"type":"cond-expr","locations":[{"start":{"line":202,"column":54},"end":{"line":202,"column":67}},{"start":{"line":202,"column":70},"end":{"line":202,"column":79}}]},"20":{"loc":{"start":{"line":216,"column":6},"end":{"line":221,"column":7}},"type":"if","locations":[{"start":{"line":216,"column":6},"end":{"line":221,"column":7}}]},"21":{"loc":{"start":{"line":223,"column":6},"end":{"line":228,"column":7}},"type":"if","locations":[{"start":{"line":223,"column":6},"end":{"line":228,"column":7}}]},"22":{"loc":{"start":{"line":232,"column":6},"end":{"line":237,"column":7}},"type":"if","locations":[{"start":{"line":232,"column":6},"end":{"line":237,"column":7}}]},"23":{"loc":{"start":{"line":240,"column":6},"end":{"line":245,"column":7}},"type":"if","locations":[{"start":{"line":240,"column":6},"end":{"line":245,"column":7}}]},"24":{"loc":{"start":{"line":240,"column":10},"end":{"line":240,"column":50}},"type":"binary-expr","locations":[{"start":{"line":240,"column":10},"end":{"line":240,"column":18}},{"start":{"line":240,"column":22},"end":{"line":240,"column":50}}]},"25":{"loc":{"start":{"line":253,"column":18},"end":{"line":257,"column":18}},"type":"cond-expr","locations":[{"start":{"line":253,"column":27},"end":{"line":257,"column":12}},{"start":{"line":257,"column":14},"end":{"line":257,"column":18}}]}},"s":{"0":0,"1":0,"2":0,"3":0,"4":0,"5":0,"6":0,"7":0,"8":0,"9":0,"10":0,"11":0,"12":0,"13":0,"14":0,"15":0,"16":0,"17":0,"18":0,"19":0,"20":0,"21":0,"22":0,"23":0,"24":0,"25":0,"26":0,"27":0,"28":0,"29":0,"30":0,"31":0,"32":0,"33":0,"34":0,"35":0,"36":0,"37":0,"38":0,"39":0,"40":0,"41":0,"42":0,"43":0,"44":0,"45":0,"46":0,"47":0,"48":0,"49":0,"50":0,"51":0,"52":0,"53":0,"54":0,"55":0,"56":0,"57":0,"58":0,"59":0,"60":0,"61":0,"62":0,"63":0,"64":0,"65":0,"66":0,"67":0,"68":0,"69":0,"70":0,"71":0,"72":0,"73":0,"74":0,"75":0,"76":0,"77":0,"78":0,"79":0,"80":0},"f":{"0":0,"1":0,"2":0},"b":{"0":[0],"1":[0],"2":[0],"3":[0],"4":[0],"5":[0,0],"6":[0],"7":[0,0],"8":[0],"9":[0],"10":[0],"11":[0,0],"12":[0],"13":[0],"14":[0,0],"15":[0],"16":[0],"17":[0,0],"18":[0],"19":[0,0],"20":[0],"21":[0],"22":[0],"23":[0],"24":[0,0],"25":[0,0]}}
,"D:\\Project\\backend\\src\\controllers\\documentController.ts": {"path":"D:\\Project\\backend\\src\\controllers\\documentController.ts","statementMap":{"0":{"start":{"line":2,"column":0},"end":{"line":2,"column":60}},"1":{"start":{"line":3,"column":0},"end":{"line":3,"column":44}},"2":{"start":{"line":5,"column":0},"end":{"line":5,"column":60}},"3":{"start":{"line":7,"column":13},"end":{"line":334,"column":2}},"4":{"start":{"line":13,"column":4},"end":{"line":88,"column":5}},"5":{"start":{"line":14,"column":24},"end":{"line":14,"column":54}},"6":{"start":{"line":15,"column":47},"end":{"line":15,"column":55}},"7":{"start":{"line":16,"column":21},"end":{"line":16,"column":37}},"8":{"start":{"line":18,"column":6},"end":{"line":23,"column":7}},"9":{"start":{"line":19,"column":8},"end":{"line":22,"column":11}},"10":{"start":{"line":25,"column":6},"end":{"line":30,"column":7}},"11":{"start":{"line":26,"column":8},"end":{"line":29,"column":11}},"12":{"start":{"line":33,"column":6},"end":{"line":38,"column":7}},"13":{"start":{"line":34,"column":8},"end":{"line":37,"column":11}},"14":{"start":{"line":41,"column":22},"end":{"line":41,"column":55}},"15":{"start":{"line":42,"column":6},"end":{"line":47,"column":7}},"16":{"start":{"line":43,"column":8},"end":{"line":46,"column":11}},"17":{"start":{"line":49,"column":6},"end":{"line":54,"column":7}},"18":{"start":{"line":50,"column":8},"end":{"line":53,"column":11}},"19":{"start":{"line":57,"column":25},"end":{"line":62,"column":8}},"20":{"start":{"line":65,"column":23},"end":{"line":65,"column":58}},"21":{"start":{"line":67,"column":6},"end":{"line":80,"column":9}},"22":{"start":{"line":83,"column":6},"end":{"line":83,"column":38}},"23":{"start":{"line":84,"column":6},"end":{"line":87,"column":9}},"24":{"start":{"line":96,"column":4},"end":{"line":157,"column":5}},"25":{"start":{"line":97,"column":24},"end":{"line":97,"column":54}},"26":{"start":{"line":98,"column":21},"end":{"line":98,"column":37}},"27":{"start":{"line":100,"column":6},"end":{"line":105,"column":7}},"28":{"start":{"line":101,"column":8},"end":{"line":104,"column":11}},"29":{"start":{"line":107,"column":6},"end":{"line":112,"column":7}},"30":{"start":{"line":108,"column":8},"end":{"line":111,"column":11}},"31":{"start":{"line":115,"column":22},"end":{"line":115,"column":55}},"32":{"start":{"line":116,"column":6},"end":{"line":121,"column":7}},"33":{"start":{"line":117,"column":8},"end":{"line":120,"column":11}},"34":{"start":{"line":123,"column":6},"end":{"line":128,"column":7}},"35":{"start":{"line":124,"column":8},"end":{"line":127,"column":11}},"36":{"start":{"line":130,"column":24},"end":{"line":130,"column":63}},"37":{"start":{"line":132,"column":6},"end":{"line":149,"column":9}},"38":{"start":{"line":139,"column":43},"end":{"line":147,"column":12}},"39":{"start":{"line":152,"column":6},"end":{"line":152,"column":40}},"40":{"start":{"line":153,"column":6},"end":{"line":156,"column":9}},"41":{"start":{"line":165,"column":4},"end":{"line":223,"column":5}},"42":{"start":{"line":166,"column":25},"end":{"line":166,"column":56}},"43":{"start":{"line":167,"column":21},"end":{"line":167,"column":37}},"44":{"start":{"line":169,"column":6},"end":{"line":174,"column":7}},"45":{"start":{"line":170,"column":8},"end":{"line":173,"column":11}},"46":{"start":{"line":176,"column":6},"end":{"line":181,"column":7}},"47":{"start":{"line":177,"column":8},"end":{"line":180,"column":11}},"48":{"start":{"line":183,"column":23},"end":{"line":183,"column":58}},"49":{"start":{"line":185,"column":6},"end":{"line":190,"column":7}},"50":{"start":{"line":186,"column":8},"end":{"line":189,"column":11}},"51":{"start":{"line":193,"column":22},"end":{"line":193,"column":65}},"52":{"start":{"line":194,"column":6},"end":{"line":199,"column":7}},"53":{"start":{"line":195,"column":8},"end":{"line":198,"column":11}},"54":{"start":{"line":201,"column":6},"end":{"line":215,"column":9}},"55":{"start":{"line":218,"column":6},"end":{"line":218,"column":40}},"56":{"start":{"line":219,"column":6},"end":{"line":222,"column":9}},"57":{"start":{"line":231,"column":4},"end":{"line":306,"column":5}},"58":{"start":{"line":232,"column":25},"end":{"line":232,"column":56}},"59":{"start":{"line":233,"column":47},"end":{"line":233,"column":55}},"60":{"start":{"line":234,"column":21},"end":{"line":234,"column":37}},"61":{"start":{"line":236,"column":6},"end":{"line":241,"column":7}},"62":{"start":{"line":237,"column":8},"end":{"line":240,"column":11}},"63":{"start":{"line":243,"column":6},"end":{"line":248,"column":7}},"64":{"start":{"line":244,"column":8},"end":{"line":247,"column":11}},"65":{"start":{"line":251,"column":23},"end":{"line":251,"column":58}},"66":{"start":{"line":252,"column":6},"end":{"line":257,"column":7}},"67":{"start":{"line":253,"column":8},"end":{"line":256,"column":11}},"68":{"start":{"line":259,"column":22},"end":{"line":259,"column":65}},"69":{"start":{"line":260,"column":6},"end":{"line":265,"column":7}},"70":{"start":{"line":261,"column":8},"end":{"line":264,"column":11}},"71":{"start":{"line":268,"column":45},"end":{"line":268,"column":47}},"72":{"start":{"line":269,"column":6},"end":{"line":269,"column":53}},"73":{"start":{"line":269,"column":31},"end":{"line":269,"column":53}},"74":{"start":{"line":270,"column":6},"end":{"line":270,"column":59}},"75":{"start":{"line":270,"column":33},"end":{"line":270,"column":59}},"76":{"start":{"line":271,"column":6},"end":{"line":271,"column":74}},"77":{"start":{"line":271,"column":38},"end":{"line":271,"column":74}},"78":{"start":{"line":273,"column":6},"end":{"line":278,"column":7}},"79":{"start":{"line":274,"column":8},"end":{"line":277,"column":11}},"80":{"start":{"line":280,"column":22},"end":{"line":280,"column":64}},"81":{"start":{"line":282,"column":6},"end":{"line":287,"column":7}},"82":{"start":{"line":283,"column":8},"end":{"line":286,"column":11}},"83":{"start":{"line":290,"column":30},"end":{"line":290,"column":65}},"84":{"start":{"line":292,"column":6},"end":{"line":298,"column":9}},"85":{"start":{"line":301,"column":6},"end":{"line":301,"column":38}},"86":{"start":{"line":302,"column":6},"end":{"line":305,"column":9}},"87":{"start":{"line":310,"column":4},"end":{"line":332,"column":5}},"88":{"start":{"line":311,"column":24},"end":{"line":311,"column":34}},"89":{"start":{"line":312,"column":57},"end":{"line":312,"column":65}},"90":{"start":{"line":315,"column":26},"end":{"line":315,"column":64}},"91":{"start":{"line":317,"column":21},"end":{"line":323,"column":8}},"92":{"start":{"line":325,"column":6},"end":{"line":329,"column":9}},"93":{"start":{"line":331,"column":6},"end":{"line":331,"column":88}}},"fnMap":{"0":{"name":"(anonymous_0)","decl":{"start":{"line":12,"column":18},"end":{"line":12,"column":23}},"loc":{"start":{"line":12,"column":60},"end":{"line":89,"column":3}}},"1":{"name":"(anonymous_1)","decl":{"start":{"line":95,"column":23},"end":{"line":95,"column":28}},"loc":{"start":{"line":95,"column":65},"end":{"line":158,"column":3}}},"2":{"name":"(anonymous_2)","decl":{"start":{"line":139,"column":35},"end":{"line":139,"column":38}},"loc":{"start":{"line":139,"column":43},"end":{"line":147,"column":12}}},"3":{"name":"(anonymous_3)","decl":{"start":{"line":164,"column":15},"end":{"line":164,"column":20}},"loc":{"start":{"line":164,"column":57},"end":{"line":224,"column":3}}},"4":{"name":"(anonymous_4)","decl":{"start":{"line":230,"column":18},"end":{"line":230,"column":23}},"loc":{"start":{"line":230,"column":60},"end":{"line":307,"column":3}}},"5":{"name":"(anonymous_5)","decl":{"start":{"line":309,"column":20},"end":{"line":309,"column":25}},"loc":{"start":{"line":309,"column":58},"end":{"line":333,"column":3}}}},"branchMap":{"0":{"loc":{"start":{"line":18,"column":6},"end":{"line":23,"column":7}},"type":"if","locations":[{"start":{"line":18,"column":6},"end":{"line":23,"column":7}}]},"1":{"loc":{"start":{"line":25,"column":6},"end":{"line":30,"column":7}},"type":"if","locations":[{"start":{"line":25,"column":6},"end":{"line":30,"column":7}}]},"2":{"loc":{"start":{"line":33,"column":6},"end":{"line":38,"column":7}},"type":"if","locations":[{"start":{"line":33,"column":6},"end":{"line":38,"column":7}}]},"3":{"loc":{"start":{"line":33,"column":10},"end":{"line":33,"column":45}},"type":"binary-expr","locations":[{"start":{"line":33,"column":10},"end":{"line":33,"column":16}},{"start":{"line":33,"column":20},"end":{"line":33,"column":45}}]},"4":{"loc":{"start":{"line":42,"column":6},"end":{"line":47,"column":7}},"type":"if","locations":[{"start":{"line":42,"column":6},"end":{"line":47,"column":7}}]},"5":{"loc":{"start":{"line":49,"column":6},"end":{"line":54,"column":7}},"type":"if","locations":[{"start":{"line":49,"column":6},"end":{"line":54,"column":7}}]},"6":{"loc":{"start":{"line":100,"column":6},"end":{"line":105,"column":7}},"type":"if","locations":[{"start":{"line":100,"column":6},"end":{"line":105,"column":7}}]},"7":{"loc":{"start":{"line":107,"column":6},"end":{"line":112,"column":7}},"type":"if","locations":[{"start":{"line":107,"column":6},"end":{"line":112,"column":7}}]},"8":{"loc":{"start":{"line":116,"column":6},"end":{"line":121,"column":7}},"type":"if","locations":[{"start":{"line":116,"column":6},"end":{"line":121,"column":7}}]},"9":{"loc":{"start":{"line":123,"column":6},"end":{"line":128,"column":7}},"type":"if","locations":[{"start":{"line":123,"column":6},"end":{"line":128,"column":7}}]},"10":{"loc":{"start":{"line":169,"column":6},"end":{"line":174,"column":7}},"type":"if","locations":[{"start":{"line":169,"column":6},"end":{"line":174,"column":7}}]},"11":{"loc":{"start":{"line":176,"column":6},"end":{"line":181,"column":7}},"type":"if","locations":[{"start":{"line":176,"column":6},"end":{"line":181,"column":7}}]},"12":{"loc":{"start":{"line":185,"column":6},"end":{"line":190,"column":7}},"type":"if","locations":[{"start":{"line":185,"column":6},"end":{"line":190,"column":7}}]},"13":{"loc":{"start":{"line":194,"column":6},"end":{"line":199,"column":7}},"type":"if","locations":[{"start":{"line":194,"column":6},"end":{"line":199,"column":7}}]},"14":{"loc":{"start":{"line":194,"column":10},"end":{"line":194,"column":50}},"type":"binary-expr","locations":[{"start":{"line":194,"column":10},"end":{"line":194,"column":18}},{"start":{"line":194,"column":22},"end":{"line":194,"column":50}}]},"15":{"loc":{"start":{"line":236,"column":6},"end":{"line":241,"column":7}},"type":"if","locations":[{"start":{"line":236,"column":6},"end":{"line":241,"column":7}}]},"16":{"loc":{"start":{"line":243,"column":6},"end":{"line":248,"column":7}},"type":"if","locations":[{"start":{"line":243,"column":6},"end":{"line":248,"column":7}}]},"17":{"loc":{"start":{"line":252,"column":6},"end":{"line":257,"column":7}},"type":"if","locations":[{"start":{"line":252,"column":6},"end":{"line":257,"column":7}}]},"18":{"loc":{"start":{"line":260,"column":6},"end":{"line":265,"column":7}},"type":"if","locations":[{"start":{"line":260,"column":6},"end":{"line":265,"column":7}}]},"19":{"loc":{"start":{"line":260,"column":10},"end":{"line":260,"column":50}},"type":"binary-expr","locations":[{"start":{"line":260,"column":10},"end":{"line":260,"column":18}},{"start":{"line":260,"column":22},"end":{"line":260,"column":50}}]},"20":{"loc":{"start":{"line":269,"column":6},"end":{"line":269,"column":53}},"type":"if","locations":[{"start":{"line":269,"column":6},"end":{"line":269,"column":53}}]},"21":{"loc":{"start":{"line":270,"column":6},"end":{"line":270,"column":59}},"type":"if","locations":[{"start":{"line":270,"column":6},"end":{"line":270,"column":59}}]},"22":{"loc":{"start":{"line":271,"column":6},"end":{"line":271,"column":74}},"type":"if","locations":[{"start":{"line":271,"column":6},"end":{"line":271,"column":74}}]},"23":{"loc":{"start":{"line":273,"column":6},"end":{"line":278,"column":7}},"type":"if","locations":[{"start":{"line":273,"column":6},"end":{"line":278,"column":7}}]},"24":{"loc":{"start":{"line":282,"column":6},"end":{"line":287,"column":7}},"type":"if","locations":[{"start":{"line":282,"column":6},"end":{"line":287,"column":7}}]},"25":{"loc":{"start":{"line":315,"column":26},"end":{"line":315,"column":64}},"type":"binary-expr","locations":[{"start":{"line":315,"column":26},"end":{"line":315,"column":52}},{"start":{"line":315,"column":56},"end":{"line":315,"column":64}}]},"26":{"loc":{"start":{"line":320,"column":27},"end":{"line":320,"column":47}},"type":"binary-expr","locations":[{"start":{"line":320,"column":27},"end":{"line":320,"column":42}},{"start":{"line":320,"column":46},"end":{"line":320,"column":47}}]}},"s":{"0":0,"1":0,"2":0,"3":0,"4":0,"5":0,"6":0,"7":0,"8":0,"9":0,"10":0,"11":0,"12":0,"13":0,"14":0,"15":0,"16":0,"17":0,"18":0,"19":0,"20":0,"21":0,"22":0,"23":0,"24":0,"25":0,"26":0,"27":0,"28":0,"29":0,"30":0,"31":0,"32":0,"33":0,"34":0,"35":0,"36":0,"37":0,"38":0,"39":0,"40":0,"41":0,"42":0,"43":0,"44":0,"45":0,"46":0,"47":0,"48":0,"49":0,"50":0,"51":0,"52":0,"53":0,"54":0,"55":0,"56":0,"57":0,"58":0,"59":0,"60":0,"61":0,"62":0,"63":0,"64":0,"65":0,"66":0,"67":0,"68":0,"69":0,"70":0,"71":0,"72":0,"73":0,"74":0,"75":0,"76":0,"77":0,"78":0,"79":0,"80":0,"81":0,"82":0,"83":0,"84":0,"85":0,"86":0,"87":0,"88":0,"89":0,"90":0,"91":0,"92":0,"93":0},"f":{"0":0,"1":0,"2":0,"3":0,"4":0,"5":0},"b":{"0":[0],"1":[0],"2":[0],"3":[0,0],"4":[0],"5":[0],"6":[0],"7":[0],"8":[0],"9":[0],"10":[0],"11":[0],"12":[0],"13":[0],"14":[0,0],"15":[0],"16":[0],"17":[0],"18":[0],"19":[0,0],"20":[0],"21":[0],"22":[0],"23":[0],"24":[0],"25":[0,0],"26":[0,0]}}
,"D:\\Project\\backend\\src\\controllers\\projectController.ts": {"path":"D:\\Project\\backend\\src\\controllers\\projectController.ts","statementMap":{"0":{"start":{"line":2,"column":0},"end":{"line":2,"column":57}},"1":{"start":{"line":3,"column":0},"end":{"line":3,"column":46}},"2":{"start":{"line":4,"column":0},"end":{"line":4,"column":60}},"3":{"start":{"line":7,"column":13},"end":{"line":117,"column":2}},"4":{"start":{"line":10,"column":4},"end":{"line":42,"column":5}},"5":{"start":{"line":11,"column":44},"end":{"line":11,"column":52}},"6":{"start":{"line":12,"column":23},"end":{"line":12,"column":39}},"7":{"start":{"line":14,"column":6},"end":{"line":14,"column":87}},"8":{"start":{"line":14,"column":21},"end":{"line":14,"column":87}},"9":{"start":{"line":15,"column":6},"end":{"line":15,"column":116}},"10":{"start":{"line":15,"column":47},"end":{"line":15,"column":116}},"11":{"start":{"line":16,"column":6},"end":{"line":16,"column":105}},"12":{"start":{"line":16,"column":30},"end":{"line":16,"column":105}},"13":{"start":{"line":18,"column":24},"end":{"line":23,"column":8}},"14":{"start":{"line":25,"column":22},"end":{"line":25,"column":55}},"15":{"start":{"line":27,"column":6},"end":{"line":39,"column":9}},"16":{"start":{"line":41,"column":6},"end":{"line":41,"column":72}},"17":{"start":{"line":46,"column":4},"end":{"line":69,"column":5}},"18":{"start":{"line":47,"column":23},"end":{"line":47,"column":39}},"19":{"start":{"line":48,"column":6},"end":{"line":48,"column":87}},"20":{"start":{"line":48,"column":21},"end":{"line":48,"column":87}},"21":{"start":{"line":50,"column":23},"end":{"line":50,"column":59}},"22":{"start":{"line":51,"column":25},"end":{"line":51,"column":68}},"23":{"start":{"line":51,"column":49},"end":{"line":51,"column":67}},"24":{"start":{"line":52,"column":25},"end":{"line":52,"column":76}},"25":{"start":{"line":54,"column":6},"end":{"line":66,"column":9}},"26":{"start":{"line":57,"column":45},"end":{"line":64,"column":12}},"27":{"start":{"line":68,"column":6},"end":{"line":68,"column":68}},"28":{"start":{"line":74,"column":4},"end":{"line":83,"column":5}},"29":{"start":{"line":75,"column":23},"end":{"line":75,"column":39}},"30":{"start":{"line":76,"column":6},"end":{"line":76,"column":87}},"31":{"start":{"line":76,"column":21},"end":{"line":76,"column":87}},"32":{"start":{"line":78,"column":24},"end":{"line":78,"column":80}},"33":{"start":{"line":79,"column":6},"end":{"line":79,"column":51}},"34":{"start":{"line":81,"column":6},"end":{"line":81,"column":41}},"35":{"start":{"line":82,"column":6},"end":{"line":82,"column":69}},"36":{"start":{"line":87,"column":4},"end":{"line":115,"column":5}},"37":{"start":{"line":88,"column":24},"end":{"line":88,"column":71}},"38":{"start":{"line":89,"column":23},"end":{"line":89,"column":39}},"39":{"start":{"line":91,"column":6},"end":{"line":91,"column":87}},"40":{"start":{"line":91,"column":21},"end":{"line":91,"column":87}},"41":{"start":{"line":92,"column":6},"end":{"line":92,"column":96}},"42":{"start":{"line":92,"column":28},"end":{"line":92,"column":96}},"43":{"start":{"line":94,"column":22},"end":{"line":94,"column":55}},"44":{"start":{"line":95,"column":6},"end":{"line":95,"column":86}},"45":{"start":{"line":95,"column":20},"end":{"line":95,"column":86}},"46":{"start":{"line":97,"column":6},"end":{"line":99,"column":7}},"47":{"start":{"line":98,"column":8},"end":{"line":98,"column":76}},"48":{"start":{"line":101,"column":6},"end":{"line":112,"column":9}},"49":{"start":{"line":114,"column":6},"end":{"line":114,"column":68}}},"fnMap":{"0":{"name":"(anonymous_0)","decl":{"start":{"line":9,"column":17},"end":{"line":9,"column":22}},"loc":{"start":{"line":9,"column":59},"end":{"line":43,"column":3}}},"1":{"name":"(anonymous_1)","decl":{"start":{"line":45,"column":19},"end":{"line":45,"column":24}},"loc":{"start":{"line":45,"column":61},"end":{"line":70,"column":3}}},"2":{"name":"(anonymous_2)","decl":{"start":{"line":51,"column":38},"end":{"line":51,"column":45}},"loc":{"start":{"line":51,"column":49},"end":{"line":51,"column":67}}},"3":{"name":"(anonymous_3)","decl":{"start":{"line":57,"column":33},"end":{"line":57,"column":40}},"loc":{"start":{"line":57,"column":45},"end":{"line":64,"column":12}}},"4":{"name":"(anonymous_4)","decl":{"start":{"line":73,"column":23},"end":{"line":73,"column":28}},"loc":{"start":{"line":73,"column":65},"end":{"line":84,"column":3}}},"5":{"name":"(anonymous_5)","decl":{"start":{"line":86,"column":14},"end":{"line":86,"column":19}},"loc":{"start":{"line":86,"column":56},"end":{"line":116,"column":3}}}},"branchMap":{"0":{"loc":{"start":{"line":14,"column":6},"end":{"line":14,"column":87}},"type":"if","locations":[{"start":{"line":14,"column":6},"end":{"line":14,"column":87}}]},"1":{"loc":{"start":{"line":15,"column":6},"end":{"line":15,"column":116}},"type":"if","locations":[{"start":{"line":15,"column":6},"end":{"line":15,"column":116}}]},"2":{"loc":{"start":{"line":15,"column":10},"end":{"line":15,"column":45}},"type":"binary-expr","locations":[{"start":{"line":15,"column":10},"end":{"line":15,"column":16}},{"start":{"line":15,"column":20},"end":{"line":15,"column":45}}]},"3":{"loc":{"start":{"line":16,"column":6},"end":{"line":16,"column":105}},"type":"if","locations":[{"start":{"line":16,"column":6},"end":{"line":16,"column":105}}]},"4":{"loc":{"start":{"line":48,"column":6},"end":{"line":48,"column":87}},"type":"if","locations":[{"start":{"line":48,"column":6},"end":{"line":48,"column":87}}]},"5":{"loc":{"start":{"line":63,"column":24},"end":{"line":63,"column":59}},"type":"binary-expr","locations":[{"start":{"line":63,"column":24},"end":{"line":63,"column":54}},{"start":{"line":63,"column":58},"end":{"line":63,"column":59}}]},"6":{"loc":{"start":{"line":76,"column":6},"end":{"line":76,"column":87}},"type":"if","locations":[{"start":{"line":76,"column":6},"end":{"line":76,"column":87}}]},"7":{"loc":{"start":{"line":88,"column":33},"end":{"line":88,"column":70}},"type":"binary-expr","locations":[{"start":{"line":88,"column":33},"end":{"line":88,"column":46}},{"start":{"line":88,"column":50},"end":{"line":88,"column":70}}]},"8":{"loc":{"start":{"line":91,"column":6},"end":{"line":91,"column":87}},"type":"if","locations":[{"start":{"line":91,"column":6},"end":{"line":91,"column":87}}]},"9":{"loc":{"start":{"line":92,"column":6},"end":{"line":92,"column":96}},"type":"if","locations":[{"start":{"line":92,"column":6},"end":{"line":92,"column":96}}]},"10":{"loc":{"start":{"line":95,"column":6},"end":{"line":95,"column":86}},"type":"if","locations":[{"start":{"line":95,"column":6},"end":{"line":95,"column":86}}]},"11":{"loc":{"start":{"line":97,"column":6},"end":{"line":99,"column":7}},"type":"if","locations":[{"start":{"line":97,"column":6},"end":{"line":99,"column":7}}]}},"s":{"0":0,"1":0,"2":0,"3":0,"4":0,"5":0,"6":0,"7":0,"8":0,"9":0,"10":0,"11":0,"12":0,"13":0,"14":0,"15":0,"16":0,"17":0,"18":0,"19":0,"20":0,"21":0,"22":0,"23":0,"24":0,"25":0,"26":0,"27":0,"28":0,"29":0,"30":0,"31":0,"32":0,"33":0,"34":0,"35":0,"36":0,"37":0,"38":0,"39":0,"40":0,"41":0,"42":0,"43":0,"44":0,"45":0,"46":0,"47":0,"48":0,"49":0},"f":{"0":0,"1":0,"2":0,"3":0,"4":0,"5":0},"b":{"0":[0],"1":[0],"2":[0,0],"3":[0],"4":[0],"5":[0,0],"6":[0],"7":[0,0],"8":[0],"9":[0],"10":[0],"11":[0]}}
,"D:\\Project\\backend\\src\\controllers\\shareController.ts": {"path":"D:\\Project\\backend\\src\\controllers\\shareController.ts","statementMap":{"0":{"start":{"line":4,"column":0},"end":{"line":4,"column":36}},"1":{"start":{"line":7,"column":0},"end":{"line":7,"column":54}},"2":{"start":{"line":8,"column":0},"end":{"line":8,"column":60}},"3":{"start":{"line":9,"column":0},"end":{"line":9,"column":44}},"4":{"start":{"line":10,"column":0},"end":{"line":10,"column":46}},"5":{"start":{"line":12,"column":13},"end":{"line":261,"column":2}},"6":{"start":{"line":18,"column":4},"end":{"line":53,"column":5}},"7":{"start":{"line":19,"column":28},"end":{"line":19,"column":36}},"8":{"start":{"line":21,"column":6},"end":{"line":23,"column":7}},"9":{"start":{"line":22,"column":8},"end":{"line":22,"column":86}},"10":{"start":{"line":25,"column":6},"end":{"line":25,"column":76}},"11":{"start":{"line":28,"column":22},"end":{"line":28,"column":30}},"12":{"start":{"line":31,"column":25},"end":{"line":31,"column":75}},"13":{"start":{"line":34,"column":6},"end":{"line":39,"column":9}},"14":{"start":{"line":41,"column":6},"end":{"line":41,"column":75}},"15":{"start":{"line":44,"column":6},"end":{"line":48,"column":9}},"16":{"start":{"line":51,"column":6},"end":{"line":51,"column":65}},"17":{"start":{"line":52,"column":6},"end":{"line":52,"column":87}},"18":{"start":{"line":60,"column":4},"end":{"line":113,"column":5}},"19":{"start":{"line":61,"column":26},"end":{"line":61,"column":36}},"20":{"start":{"line":62,"column":27},"end":{"line":62,"column":36}},"21":{"start":{"line":64,"column":6},"end":{"line":66,"column":7}},"22":{"start":{"line":65,"column":8},"end":{"line":65,"column":90}},"23":{"start":{"line":68,"column":6},"end":{"line":68,"column":61}},"24":{"start":{"line":71,"column":24},"end":{"line":71,"column":65}},"25":{"start":{"line":73,"column":6},"end":{"line":76,"column":7}},"26":{"start":{"line":74,"column":8},"end":{"line":74,"column":66}},"27":{"start":{"line":75,"column":8},"end":{"line":75,"column":98}},"28":{"start":{"line":80,"column":6},"end":{"line":87,"column":7}},"29":{"start":{"line":81,"column":10},"end":{"line":81,"column":83}},"30":{"start":{"line":82,"column":10},"end":{"line":86,"column":13}},"31":{"start":{"line":89,"column":24},"end":{"line":89,"column":44}},"32":{"start":{"line":92,"column":22},"end":{"line":92,"column":55}},"33":{"start":{"line":93,"column":6},"end":{"line":95,"column":7}},"34":{"start":{"line":94,"column":8},"end":{"line":94,"column":86}},"35":{"start":{"line":98,"column":24},"end":{"line":98,"column":63}},"36":{"start":{"line":100,"column":6},"end":{"line":100,"column":92}},"37":{"start":{"line":102,"column":6},"end":{"line":108,"column":9}},"38":{"start":{"line":111,"column":6},"end":{"line":111,"column":66}},"39":{"start":{"line":112,"column":6},"end":{"line":112,"column":93}},"40":{"start":{"line":120,"column":4},"end":{"line":167,"column":5}},"41":{"start":{"line":121,"column":26},"end":{"line":121,"column":36}},"42":{"start":{"line":122,"column":76},"end":{"line":122,"column":84}},"43":{"start":{"line":124,"column":6},"end":{"line":126,"column":7}},"44":{"start":{"line":125,"column":8},"end":{"line":125,"column":92}},"45":{"start":{"line":128,"column":6},"end":{"line":128,"column":82}},"46":{"start":{"line":131,"column":24},"end":{"line":131,"column":65}},"47":{"start":{"line":133,"column":6},"end":{"line":135,"column":7}},"48":{"start":{"line":134,"column":8},"end":{"line":134,"column":98}},"49":{"start":{"line":137,"column":24},"end":{"line":137,"column":44}},"50":{"start":{"line":140,"column":25},"end":{"line":140,"column":78}},"51":{"start":{"line":142,"column":6},"end":{"line":144,"column":7}},"52":{"start":{"line":143,"column":8},"end":{"line":143,"column":116}},"53":{"start":{"line":147,"column":21},"end":{"line":153,"column":8}},"54":{"start":{"line":155,"column":6},"end":{"line":155,"column":74}},"55":{"start":{"line":158,"column":6},"end":{"line":162,"column":9}},"56":{"start":{"line":165,"column":6},"end":{"line":165,"column":59}},"57":{"start":{"line":166,"column":6},"end":{"line":166,"column":81}},"58":{"start":{"line":174,"column":4},"end":{"line":212,"column":5}},"59":{"start":{"line":175,"column":28},"end":{"line":175,"column":38}},"60":{"start":{"line":176,"column":29},"end":{"line":176,"column":38}},"61":{"start":{"line":181,"column":8},"end":{"line":183,"column":9}},"62":{"start":{"line":182,"column":12},"end":{"line":182,"column":58}},"63":{"start":{"line":187,"column":8},"end":{"line":197,"column":9}},"64":{"start":{"line":188,"column":30},"end":{"line":188,"column":71}},"65":{"start":{"line":190,"column":12},"end":{"line":196,"column":13}},"66":{"start":{"line":192,"column":16},"end":{"line":194,"column":17}},"67":{"start":{"line":193,"column":21},"end":{"line":193,"column":99}},"68":{"start":{"line":195,"column":16},"end":{"line":195,"column":55}},"69":{"start":{"line":199,"column":8},"end":{"line":201,"column":9}},"70":{"start":{"line":200,"column":12},"end":{"line":200,"column":100}},"71":{"start":{"line":204,"column":25},"end":{"line":204,"column":82}},"72":{"start":{"line":206,"column":8},"end":{"line":206,"column":93}},"73":{"start":{"line":207,"column":8},"end":{"line":207,"column":52}},"74":{"start":{"line":210,"column":8},"end":{"line":210,"column":66}},"75":{"start":{"line":211,"column":8},"end":{"line":211,"column":85}},"76":{"start":{"line":219,"column":4},"end":{"line":238,"column":5}},"77":{"start":{"line":220,"column":28},"end":{"line":220,"column":38}},"78":{"start":{"line":221,"column":29},"end":{"line":221,"column":37}},"79":{"start":{"line":223,"column":6},"end":{"line":225,"column":7}},"80":{"start":{"line":224,"column":8},"end":{"line":224,"column":87}},"81":{"start":{"line":227,"column":22},"end":{"line":227,"column":81}},"82":{"start":{"line":229,"column":6},"end":{"line":233,"column":7}},"83":{"start":{"line":230,"column":8},"end":{"line":230,"column":64}},"84":{"start":{"line":232,"column":8},"end":{"line":232,"column":100}},"85":{"start":{"line":236,"column":6},"end":{"line":236,"column":62}},"86":{"start":{"line":237,"column":6},"end":{"line":237,"column":84}},"87":{"start":{"line":245,"column":4},"end":{"line":258,"column":5}},"88":{"start":{"line":246,"column":26},"end":{"line":246,"column":36}},"89":{"start":{"line":248,"column":8},"end":{"line":248,"column":94}},"90":{"start":{"line":248,"column":20},"end":{"line":248,"column":94}},"91":{"start":{"line":250,"column":25},"end":{"line":250,"column":81}},"92":{"start":{"line":252,"column":8},"end":{"line":252,"column":79}},"93":{"start":{"line":253,"column":8},"end":{"line":253,"column":52}},"94":{"start":{"line":256,"column":8},"end":{"line":256,"column":62}},"95":{"start":{"line":257,"column":8},"end":{"line":257,"column":85}}},"fnMap":{"0":{"name":"(anonymous_0)","decl":{"start":{"line":17,"column":19},"end":{"line":17,"column":24}},"loc":{"start":{"line":17,"column":57},"end":{"line":54,"column":3}}},"1":{"name":"(anonymous_1)","decl":{"start":{"line":59,"column":20},"end":{"line":59,"column":25}},"loc":{"start":{"line":59,"column":58},"end":{"line":114,"column":3}}},"2":{"name":"(anonymous_2)","decl":{"start":{"line":119,"column":19},"end":{"line":119,"column":24}},"loc":{"start":{"line":119,"column":57},"end":{"line":168,"column":3}}},"3":{"name":"(anonymous_3)","decl":{"start":{"line":173,"column":22},"end":{"line":173,"column":27}},"loc":{"start":{"line":173,"column":60},"end":{"line":213,"column":3}}},"4":{"name":"(anonymous_4)","decl":{"start":{"line":218,"column":22},"end":{"line":218,"column":27}},"loc":{"start":{"line":218,"column":60},"end":{"line":239,"column":3}}},"5":{"name":"(anonymous_5)","decl":{"start":{"line":244,"column":23},"end":{"line":244,"column":28}},"loc":{"start":{"line":244,"column":61},"end":{"line":259,"column":3}}}},"branchMap":{"0":{"loc":{"start":{"line":21,"column":6},"end":{"line":23,"column":7}},"type":"if","locations":[{"start":{"line":21,"column":6},"end":{"line":23,"column":7}}]},"1":{"loc":{"start":{"line":64,"column":6},"end":{"line":66,"column":7}},"type":"if","locations":[{"start":{"line":64,"column":6},"end":{"line":66,"column":7}}]},"2":{"loc":{"start":{"line":73,"column":6},"end":{"line":76,"column":7}},"type":"if","locations":[{"start":{"line":73,"column":6},"end":{"line":76,"column":7}}]},"3":{"loc":{"start":{"line":80,"column":6},"end":{"line":87,"column":7}},"type":"if","locations":[{"start":{"line":80,"column":6},"end":{"line":87,"column":7}}]},"4":{"loc":{"start":{"line":80,"column":10},"end":{"line":80,"column":69}},"type":"binary-expr","locations":[{"start":{"line":80,"column":10},"end":{"line":80,"column":31}},{"start":{"line":80,"column":35},"end":{"line":80,"column":69}}]},"5":{"loc":{"start":{"line":93,"column":6},"end":{"line":95,"column":7}},"type":"if","locations":[{"start":{"line":93,"column":6},"end":{"line":95,"column":7}}]},"6":{"loc":{"start":{"line":124,"column":6},"end":{"line":126,"column":7}},"type":"if","locations":[{"start":{"line":124,"column":6},"end":{"line":126,"column":7}}]},"7":{"loc":{"start":{"line":124,"column":10},"end":{"line":124,"column":28}},"type":"binary-expr","locations":[{"start":{"line":124,"column":10},"end":{"line":124,"column":16}},{"start":{"line":124,"column":20},"end":{"line":124,"column":28}}]},"8":{"loc":{"start":{"line":128,"column":57},"end":{"line":128,"column":78}},"type":"binary-expr","locations":[{"start":{"line":128,"column":57},"end":{"line":128,"column":67}},{"start":{"line":128,"column":71},"end":{"line":128,"column":78}}]},"9":{"loc":{"start":{"line":133,"column":6},"end":{"line":135,"column":7}},"type":"if","locations":[{"start":{"line":133,"column":6},"end":{"line":135,"column":7}}]},"10":{"loc":{"start":{"line":142,"column":6},"end":{"line":144,"column":7}},"type":"if","locations":[{"start":{"line":142,"column":6},"end":{"line":144,"column":7}}]},"11":{"loc":{"start":{"line":150,"column":27},"end":{"line":150,"column":47}},"type":"binary-expr","locations":[{"start":{"line":150,"column":27},"end":{"line":150,"column":42}},{"start":{"line":150,"column":46},"end":{"line":150,"column":47}}]},"12":{"loc":{"start":{"line":181,"column":8},"end":{"line":183,"column":9}},"type":"if","locations":[{"start":{"line":181,"column":8},"end":{"line":183,"column":9}}]},"13":{"loc":{"start":{"line":187,"column":8},"end":{"line":197,"column":9}},"type":"if","locations":[{"start":{"line":187,"column":8},"end":{"line":197,"column":9}}]},"14":{"loc":{"start":{"line":187,"column":12},"end":{"line":187,"column":72}},"type":"binary-expr","locations":[{"start":{"line":187,"column":12},"end":{"line":187,"column":19}},{"start":{"line":187,"column":23},"end":{"line":187,"column":52}},{"start":{"line":187,"column":56},"end":{"line":187,"column":72}}]},"15":{"loc":{"start":{"line":190,"column":12},"end":{"line":196,"column":13}},"type":"if","locations":[{"start":{"line":190,"column":12},"end":{"line":196,"column":13}}]},"16":{"loc":{"start":{"line":192,"column":16},"end":{"line":194,"column":17}},"type":"if","locations":[{"start":{"line":192,"column":16},"end":{"line":194,"column":17}}]},"17":{"loc":{"start":{"line":192,"column":20},"end":{"line":192,"column":79}},"type":"binary-expr","locations":[{"start":{"line":192,"column":20},"end":{"line":192,"column":41}},{"start":{"line":192,"column":45},"end":{"line":192,"column":79}}]},"18":{"loc":{"start":{"line":199,"column":8},"end":{"line":201,"column":9}},"type":"if","locations":[{"start":{"line":199,"column":8},"end":{"line":201,"column":9}}]},"19":{"loc":{"start":{"line":223,"column":6},"end":{"line":225,"column":7}},"type":"if","locations":[{"start":{"line":223,"column":6},"end":{"line":225,"column":7}}]},"20":{"loc":{"start":{"line":223,"column":10},"end":{"line":223,"column":35}},"type":"binary-expr","locations":[{"start":{"line":223,"column":10},"end":{"line":223,"column":20}},{"start":{"line":223,"column":24},"end":{"line":223,"column":35}}]},"21":{"loc":{"start":{"line":229,"column":6},"end":{"line":233,"column":7}},"type":"if","locations":[{"start":{"line":229,"column":6},"end":{"line":233,"column":7}},{"start":{"line":231,"column":13},"end":{"line":233,"column":7}}]},"22":{"loc":{"start":{"line":248,"column":8},"end":{"line":248,"column":94}},"type":"if","locations":[{"start":{"line":248,"column":8},"end":{"line":248,"column":94}}]}},"s":{"0":0,"1":0,"2":0,"3":0,"4":0,"5":0,"6":0,"7":0,"8":0,"9":0,"10":0,"11":0,"12":0,"13":0,"14":0,"15":0,"16":0,"17":0,"18":0,"19":0,"20":0,"21":0,"22":0,"23":0,"24":0,"25":0,"26":0,"27":0,"28":0,"29":0,"30":0,"31":0,"32":0,"33":0,"34":0,"35":0,"36":0,"37":0,"38":0,"39":0,"40":0,"41":0,"42":0,"43":0,"44":0,"45":0,"46":0,"47":0,"48":0,"49":0,"50":0,"51":0,"52":0,"53":0,"54":0,"55":0,"56":0,"57":0,"58":0,"59":0,"60":0,"61":0,"62":0,"63":0,"64":0,"65":0,"66":0,"67":0,"68":0,"69":0,"70":0,"71":0,"72":0,"73":0,"74":0,"75":0,"76":0,"77":0,"78":0,"79":0,"80":0,"81":0,"82":0,"83":0,"84":0,"85":0,"86":0,"87":0,"88":0,"89":0,"90":0,"91":0,"92":0,"93":0,"94":0,"95":0},"f":{"0":0,"1":0,"2":0,"3":0,"4":0,"5":0},"b":{"0":[0],"1":[0],"2":[0],"3":[0],"4":[0,0],"5":[0],"6":[0],"7":[0,0],"8":[0,0],"9":[0],"10":[0],"11":[0,0],"12":[0],"13":[0],"14":[0,0,0],"15":[0],"16":[0],"17":[0,0],"18":[0],"19":[0],"20":[0,0],"21":[0,0],"22":[0]}}
,"D:\\Project\\backend\\src\\controllers\\timelineController.ts": {"path":"D:\\Project\\backend\\src\\controllers\\timelineController.ts","statementMap":{"0":{"start":{"line":2,"column":0},"end":{"line":2,"column":56}},"1":{"start":{"line":4,"column":13},"end":{"line":48,"column":2}},"2":{"start":{"line":7,"column":4},"end":{"line":27,"column":5}},"3":{"start":{"line":9,"column":24},"end":{"line":9,"column":52}},"4":{"start":{"line":11,"column":19},"end":{"line":11,"column":68}},"5":{"start":{"line":14,"column":21},"end":{"line":21,"column":9}},"6":{"start":{"line":14,"column":38},"end":{"line":21,"column":8}},"7":{"start":{"line":23,"column":6},"end":{"line":23,"column":48}},"8":{"start":{"line":25,"column":6},"end":{"line":25,"column":50}},"9":{"start":{"line":26,"column":6},"end":{"line":26,"column":71}},"10":{"start":{"line":32,"column":4},"end":{"line":46,"column":5}},"11":{"start":{"line":33,"column":24},"end":{"line":33,"column":52}},"12":{"start":{"line":34,"column":25},"end":{"line":34,"column":33}},"13":{"start":{"line":36,"column":6},"end":{"line":38,"column":7}},"14":{"start":{"line":37,"column":8},"end":{"line":37,"column":88}},"15":{"start":{"line":40,"column":6},"end":{"line":40,"column":56}},"16":{"start":{"line":42,"column":6},"end":{"line":42,"column":74}},"17":{"start":{"line":44,"column":6},"end":{"line":44,"column":51}},"18":{"start":{"line":45,"column":6},"end":{"line":45,"column":71}}},"fnMap":{"0":{"name":"(anonymous_0)","decl":{"start":{"line":6,"column":15},"end":{"line":6,"column":20}},"loc":{"start":{"line":6,"column":53},"end":{"line":28,"column":3}}},"1":{"name":"(anonymous_1)","decl":{"start":{"line":14,"column":30},"end":{"line":14,"column":33}},"loc":{"start":{"line":14,"column":38},"end":{"line":21,"column":8}}},"2":{"name":"(anonymous_2)","decl":{"start":{"line":31,"column":16},"end":{"line":31,"column":21}},"loc":{"start":{"line":31,"column":54},"end":{"line":47,"column":3}}}},"branchMap":{"0":{"loc":{"start":{"line":36,"column":6},"end":{"line":38,"column":7}},"type":"if","locations":[{"start":{"line":36,"column":6},"end":{"line":38,"column":7}}]}},"s":{"0":0,"1":0,"2":0,"3":0,"4":0,"5":0,"6":0,"7":0,"8":0,"9":0,"10":0,"11":0,"12":0,"13":0,"14":0,"15":0,"16":0,"17":0,"18":0},"f":{"0":0,"1":0,"2":0},"b":{"0":[0]}}
,"D:\\Project\\backend\\src\\controllers\\userController.ts": {"path":"D:\\Project\\backend\\src\\controllers\\userController.ts","statementMap":{"0":{"start":{"line":2,"column":0},"end":{"line":2,"column":38}},"1":{"start":{"line":4,"column":13},"end":{"line":103,"column":2}},"2":{"start":{"line":10,"column":4},"end":{"line":76,"column":5}},"3":{"start":{"line":11,"column":44},"end":{"line":11,"column":52}},"4":{"start":{"line":13,"column":6},"end":{"line":13,"column":65}},"5":{"start":{"line":16,"column":6},"end":{"line":21,"column":7}},"6":{"start":{"line":17,"column":8},"end":{"line":20,"column":11}},"7":{"start":{"line":24,"column":25},"end":{"line":24,"column":53}},"8":{"start":{"line":25,"column":6},"end":{"line":30,"column":7}},"9":{"start":{"line":26,"column":8},"end":{"line":29,"column":11}},"10":{"start":{"line":33,"column":21},"end":{"line":33,"column":69}},"11":{"start":{"line":36,"column":19},"end":{"line":36,"column":46}},"12":{"start":{"line":38,"column":6},"end":{"line":40,"column":7}},"13":{"start":{"line":39,"column":8},"end":{"line":39,"column":37}},"14":{"start":{"line":42,"column":6},"end":{"line":51,"column":9}},"15":{"start":{"line":54,"column":6},"end":{"line":54,"column":38}},"16":{"start":{"line":57,"column":6},"end":{"line":62,"column":7}},"17":{"start":{"line":58,"column":8},"end":{"line":61,"column":11}},"18":{"start":{"line":64,"column":6},"end":{"line":69,"column":7}},"19":{"start":{"line":65,"column":8},"end":{"line":68,"column":11}},"20":{"start":{"line":72,"column":6},"end":{"line":75,"column":9}},"21":{"start":{"line":84,"column":4},"end":{"line":101,"column":5}},"22":{"start":{"line":86,"column":6},"end":{"line":94,"column":9}},"23":{"start":{"line":96,"column":6},"end":{"line":96,"column":40}},"24":{"start":{"line":97,"column":6},"end":{"line":100,"column":9}}},"fnMap":{"0":{"name":"(anonymous_0)","decl":{"start":{"line":9,"column":12},"end":{"line":9,"column":17}},"loc":{"start":{"line":9,"column":50},"end":{"line":77,"column":3}}},"1":{"name":"(anonymous_1)","decl":{"start":{"line":83,"column":14},"end":{"line":83,"column":19}},"loc":{"start":{"line":83,"column":52},"end":{"line":102,"column":3}}}},"branchMap":{"0":{"loc":{"start":{"line":16,"column":6},"end":{"line":21,"column":7}},"type":"if","locations":[{"start":{"line":16,"column":6},"end":{"line":21,"column":7}}]},"1":{"loc":{"start":{"line":16,"column":10},"end":{"line":16,"column":42}},"type":"binary-expr","locations":[{"start":{"line":16,"column":10},"end":{"line":16,"column":19}},{"start":{"line":16,"column":23},"end":{"line":16,"column":29}},{"start":{"line":16,"column":33},"end":{"line":16,"column":42}}]},"2":{"loc":{"start":{"line":25,"column":6},"end":{"line":30,"column":7}},"type":"if","locations":[{"start":{"line":25,"column":6},"end":{"line":30,"column":7}}]},"3":{"loc":{"start":{"line":38,"column":6},"end":{"line":40,"column":7}},"type":"if","locations":[{"start":{"line":38,"column":6},"end":{"line":40,"column":7}}]},"4":{"loc":{"start":{"line":57,"column":6},"end":{"line":62,"column":7}},"type":"if","locations":[{"start":{"line":57,"column":6},"end":{"line":62,"column":7}}]},"5":{"loc":{"start":{"line":57,"column":10},"end":{"line":57,"column":73}},"type":"binary-expr","locations":[{"start":{"line":57,"column":10},"end":{"line":57,"column":39}},{"start":{"line":57,"column":43},"end":{"line":57,"column":73}}]},"6":{"loc":{"start":{"line":64,"column":6},"end":{"line":69,"column":7}},"type":"if","locations":[{"start":{"line":64,"column":6},"end":{"line":69,"column":7}}]}},"s":{"0":0,"1":0,"2":0,"3":0,"4":0,"5":0,"6":0,"7":0,"8":0,"9":0,"10":0,"11":0,"12":0,"13":0,"14":0,"15":0,"16":0,"17":0,"18":0,"19":0,"20":0,"21":0,"22":0,"23":0,"24":0},"f":{"0":0,"1":0},"b":{"0":[0],"1":[0,0,0],"2":[0],"3":[0],"4":[0],"5":[0,0],"6":[0]}}
,"D:\\Project\\backend\\src\\controllers\\worldController.ts": {"path":"D:\\Project\\backend\\src\\controllers\\worldController.ts","statementMap":{"0":{"start":{"line":2,"column":0},"end":{"line":2,"column":50}},"1":{"start":{"line":4,"column":13},"end":{"line":64,"column":2}},"2":{"start":{"line":6,"column":4},"end":{"line":12,"column":5}},"3":{"start":{"line":7,"column":28},"end":{"line":7,"column":38}},"4":{"start":{"line":8,"column":19},"end":{"line":8,"column":73}},"5":{"start":{"line":9,"column":6},"end":{"line":9,"column":46}},"6":{"start":{"line":11,"column":6},"end":{"line":11,"column":72}},"7":{"start":{"line":18,"column":4},"end":{"line":36,"column":5}},"8":{"start":{"line":19,"column":28},"end":{"line":19,"column":38}},"9":{"start":{"line":20,"column":32},"end":{"line":20,"column":40}},"10":{"start":{"line":21,"column":6},"end":{"line":21,"column":94}},"11":{"start":{"line":21,"column":17},"end":{"line":21,"column":94}},"12":{"start":{"line":25,"column":23},"end":{"line":25,"column":77}},"13":{"start":{"line":27,"column":21},"end":{"line":32,"column":8}},"14":{"start":{"line":33,"column":6},"end":{"line":33,"column":60}},"15":{"start":{"line":35,"column":6},"end":{"line":35,"column":73}},"16":{"start":{"line":41,"column":4},"end":{"line":46,"column":5}},"17":{"start":{"line":42,"column":6},"end":{"line":42,"column":58}},"18":{"start":{"line":43,"column":6},"end":{"line":43,"column":34}},"19":{"start":{"line":45,"column":6},"end":{"line":45,"column":73}},"20":{"start":{"line":50,"column":4},"end":{"line":62,"column":5}},"21":{"start":{"line":51,"column":22},"end":{"line":51,"column":48}},"22":{"start":{"line":52,"column":32},"end":{"line":52,"column":40}},"23":{"start":{"line":53,"column":6},"end":{"line":53,"column":94}},"24":{"start":{"line":53,"column":17},"end":{"line":53,"column":94}},"25":{"start":{"line":56,"column":23},"end":{"line":56,"column":77}},"26":{"start":{"line":58,"column":6},"end":{"line":58,"column":79}},"27":{"start":{"line":59,"column":6},"end":{"line":59,"column":67}},"28":{"start":{"line":61,"column":6},"end":{"line":61,"column":73}}},"fnMap":{"0":{"name":"(anonymous_0)","decl":{"start":{"line":5,"column":10},"end":{"line":5,"column":15}},"loc":{"start":{"line":5,"column":48},"end":{"line":13,"column":3}}},"1":{"name":"(anonymous_1)","decl":{"start":{"line":17,"column":10},"end":{"line":17,"column":15}},"loc":{"start":{"line":17,"column":48},"end":{"line":37,"column":3}}},"2":{"name":"(anonymous_2)","decl":{"start":{"line":40,"column":10},"end":{"line":40,"column":15}},"loc":{"start":{"line":40,"column":48},"end":{"line":47,"column":3}}},"3":{"name":"(anonymous_3)","decl":{"start":{"line":49,"column":10},"end":{"line":49,"column":15}},"loc":{"start":{"line":49,"column":48},"end":{"line":63,"column":3}}}},"branchMap":{"0":{"loc":{"start":{"line":21,"column":6},"end":{"line":21,"column":94}},"type":"if","locations":[{"start":{"line":21,"column":6},"end":{"line":21,"column":94}}]},"1":{"loc":{"start":{"line":25,"column":23},"end":{"line":25,"column":77}},"type":"cond-expr","locations":[{"start":{"line":25,"column":34},"end":{"line":25,"column":65}},{"start":{"line":25,"column":68},"end":{"line":25,"column":77}}]},"2":{"loc":{"start":{"line":53,"column":6},"end":{"line":53,"column":94}},"type":"if","locations":[{"start":{"line":53,"column":6},"end":{"line":53,"column":94}}]},"3":{"loc":{"start":{"line":56,"column":23},"end":{"line":56,"column":77}},"type":"cond-expr","locations":[{"start":{"line":56,"column":34},"end":{"line":56,"column":65}},{"start":{"line":56,"column":68},"end":{"line":56,"column":77}}]}},"s":{"0":0,"1":0,"2":0,"3":0,"4":0,"5":0,"6":0,"7":0,"8":0,"9":0,"10":0,"11":0,"12":0,"13":0,"14":0,"15":0,"16":0,"17":0,"18":0,"19":0,"20":0,"21":0,"22":0,"23":0,"24":0,"25":0,"26":0,"27":0,"28":0},"f":{"0":0,"1":0,"2":0,"3":0},"b":{"0":[0],"1":[0,0],"2":[0],"3":[0,0]}}
}
