TN:
SF:src\controllers\aiController.ts
FN:38,(anonymous_1)
FN:200,(anonymous_2)
FN:227,(anonymous_3)
FN:265,(anonymous_4)
FN:280,(anonymous_5)
FNF:5
FNH:0
FNDA:0,(anonymous_1)
FNDA:0,(anonymous_2)
FNDA:0,(anonymous_3)
FNDA:0,(anonymous_4)
FNDA:0,(anonymous_5)
DA:2,0
DA:3,0
DA:4,0
DA:5,0
DA:6,0
DA:7,0
DA:10,0
DA:11,0
DA:12,0
DA:15,0
DA:16,0
DA:17,0
DA:19,0
DA:20,0
DA:21,0
DA:22,0
DA:23,0
DA:24,0
DA:26,0
DA:33,0
DA:39,0
DA:40,0
DA:42,0
DA:43,0
DA:46,0
DA:51,0
DA:53,0
DA:54,0
DA:55,0
DA:56,0
DA:57,0
DA:58,0
DA:59,0
DA:60,0
DA:64,0
DA:65,0
DA:67,0
DA:68,0
DA:80,0
DA:82,0
DA:92,0
DA:94,0
DA:95,0
DA:96,0
DA:99,0
DA:102,0
DA:105,0
DA:110,0
DA:111,0
DA:112,0
DA:116,0
DA:117,0
DA:118,0
DA:121,0
DA:122,0
DA:123,0
DA:124,0
DA:130,0
DA:153,0
DA:162,0
DA:164,0
DA:175,0
DA:176,0
DA:178,0
DA:179,0
DA:180,0
DA:181,0
DA:183,0
DA:184,0
DA:185,0
DA:186,0
DA:187,0
DA:188,0
DA:190,0
DA:191,0
DA:195,0
DA:196,0
DA:199,0
DA:200,0
DA:202,0
DA:205,0
DA:208,0
DA:209,0
DA:210,0
DA:212,0
DA:215,0
DA:218,0
DA:219,0
DA:220,0
DA:228,0
DA:229,0
DA:230,0
DA:232,0
DA:236,0
DA:238,0
DA:253,0
DA:254,0
DA:257,0
DA:258,0
DA:266,0
DA:267,0
DA:269,0
DA:270,0
DA:273,0
DA:274,0
DA:277,0
DA:279,0
DA:280,0
DA:281,0
DA:284,0
DA:294,0
DA:308,0
DA:318,0
DA:320,0
DA:323,0
DA:324,0
LF:116
LH:0
BRDA:10,0,0,0
BRDA:10,0,1,0
BRDA:11,1,0,0
BRDA:11,1,1,0
BRDA:12,2,0,0
BRDA:12,2,1,0
BRDA:15,3,0,0
BRDA:15,3,1,0
BRDA:16,4,0,0
BRDA:16,4,1,0
BRDA:17,5,0,0
BRDA:17,5,1,0
BRDA:23,6,0,0
BRDA:23,6,1,0
BRDA:42,7,0,0
BRDA:42,8,0,0
BRDA:42,8,1,0
BRDA:42,8,2,0
BRDA:46,9,0,0
BRDA:46,9,1,0
BRDA:54,10,0,0
BRDA:54,10,1,0
BRDA:55,11,0,0
BRDA:57,12,0,0
BRDA:57,13,0,0
BRDA:57,13,1,0
BRDA:57,13,2,0
BRDA:58,14,0,0
BRDA:58,14,1,0
BRDA:59,15,0,0
BRDA:59,15,1,0
BRDA:64,16,0,0
BRDA:64,16,1,0
BRDA:65,17,0,0
BRDA:69,18,0,0
BRDA:69,18,1,0
BRDA:80,19,0,0
BRDA:80,19,1,0
BRDA:92,20,0,0
BRDA:92,20,1,0
BRDA:95,21,0,0
BRDA:102,22,0,0
BRDA:102,22,1,0
BRDA:111,23,0,0
BRDA:116,24,0,0
BRDA:116,24,1,0
BRDA:121,25,0,0
BRDA:122,26,0,0
BRDA:122,26,1,0
BRDA:176,27,0,0
BRDA:183,28,0,0
BRDA:183,28,1,0
BRDA:183,29,0,0
BRDA:183,29,1,0
BRDA:185,30,0,0
BRDA:185,30,1,0
BRDA:185,31,0,0
BRDA:185,31,1,0
BRDA:187,32,0,0
BRDA:187,32,1,0
BRDA:190,33,0,0
BRDA:190,34,0,0
BRDA:190,34,1,0
BRDA:199,35,0,0
BRDA:199,35,1,0
BRDA:219,36,0,0
BRDA:230,37,0,0
BRDA:232,38,0,0
BRDA:232,38,1,0
BRDA:232,39,0,0
BRDA:232,39,1,0
BRDA:253,40,0,0
BRDA:253,40,1,0
BRDA:269,41,0,0
BRDA:269,42,0,0
BRDA:269,42,1,0
BRDA:269,42,2,0
BRDA:273,43,0,0
BRDA:281,44,0,0
BRDA:281,44,1,0
BRDA:300,45,0,0
BRDA:300,45,1,0
BRDA:318,46,0,0
BRDA:318,46,1,0
BRF:84
BRH:0
end_of_record
TN:
SF:src\controllers\authController.ts
FN:11,(anonymous_0)
FN:81,(anonymous_1)
FNF:2
FNH:1
FNDA:3,(anonymous_0)
FNDA:0,(anonymous_1)
DA:2,1
DA:3,1
DA:6,1
DA:12,3
DA:13,3
DA:14,3
DA:15,3
DA:18,3
DA:19,0
DA:26,3
DA:27,3
DA:29,1
DA:32,3
DA:33,1
DA:40,2
DA:41,2
DA:42,1
DA:49,1
DA:54,1
DA:69,0
DA:70,0
DA:82,0
DA:83,0
DA:85,0
DA:86,0
DA:92,0
DA:94,0
DA:95,0
DA:101,0
DA:112,0
DA:113,0
LF:31
LH:18
BRDA:15,0,0,3
BRDA:15,0,1,0
BRDA:15,0,2,0
BRDA:18,1,0,0
BRDA:18,2,0,3
BRDA:18,2,1,3
BRDA:27,3,0,1
BRDA:32,4,0,1
BRDA:41,5,0,1
BRDA:64,6,0,1
BRDA:64,6,1,1
BRDA:85,7,0,0
BRDA:94,8,0,0
BRF:13
BRH:8
end_of_record
TN:
SF:src\controllers\autoSaveController.ts
FN:11,(anonymous_0)
FN:96,(anonymous_1)
FN:211,(anonymous_2)
FNF:3
FNH:0
FNDA:0,(anonymous_0)
FNDA:0,(anonymous_1)
FNDA:0,(anonymous_2)
DA:2,0
DA:3,0
DA:6,0
DA:12,0
DA:13,0
DA:14,0
DA:15,0
DA:17,0
DA:18,0
DA:24,0
DA:25,0
DA:32,0
DA:33,0
DA:40,0
DA:41,0
DA:42,0
DA:48,0
DA:49,0
DA:50,0
DA:57,0
DA:59,0
DA:60,0
DA:67,0
DA:69,0
DA:83,0
DA:84,0
DA:97,0
DA:98,0
DA:99,0
DA:100,0
DA:101,0
DA:102,0
DA:103,0
DA:104,0
DA:109,0
DA:110,0
DA:112,0
DA:113,0
DA:119,0
DA:120,0
DA:121,0
DA:128,0
DA:129,0
DA:130,0
DA:137,0
DA:138,0
DA:139,0
DA:146,0
DA:147,0
DA:149,0
DA:150,0
DA:158,0
DA:159,0
DA:161,0
DA:162,0
DA:169,0
DA:170,0
DA:171,0
DA:179,0
DA:181,0
DA:182,0
DA:188,0
DA:198,0
DA:199,0
DA:212,0
DA:213,0
DA:214,0
DA:216,0
DA:217,0
DA:223,0
DA:224,0
DA:231,0
DA:232,0
DA:233,0
DA:239,0
DA:240,0
DA:241,0
DA:247,0
DA:249,0
DA:262,0
DA:263,0
LF:81
LH:0
BRDA:17,0,0,0
BRDA:24,1,0,0
BRDA:32,2,0,0
BRDA:41,3,0,0
BRDA:49,4,0,0
BRDA:49,5,0,0
BRDA:49,5,1,0
BRDA:59,6,0,0
BRDA:87,7,0,0
BRDA:87,7,1,0
BRDA:112,8,0,0
BRDA:119,9,0,0
BRDA:128,10,0,0
BRDA:128,11,0,0
BRDA:128,11,1,0
BRDA:137,12,0,0
BRDA:149,13,0,0
BRDA:149,14,0,0
BRDA:149,14,1,0
BRDA:161,15,0,0
BRDA:170,16,0,0
BRDA:170,17,0,0
BRDA:170,17,1,0
BRDA:181,18,0,0
BRDA:202,19,0,0
BRDA:202,19,1,0
BRDA:216,20,0,0
BRDA:223,21,0,0
BRDA:232,22,0,0
BRDA:240,23,0,0
BRDA:240,24,0,0
BRDA:240,24,1,0
BRDA:253,25,0,0
BRDA:253,25,1,0
BRF:34
BRH:0
end_of_record
TN:
SF:src\controllers\documentController.ts
FN:12,(anonymous_0)
FN:95,(anonymous_1)
FN:139,(anonymous_2)
FN:164,(anonymous_3)
FN:230,(anonymous_4)
FN:309,(anonymous_5)
FNF:6
FNH:0
FNDA:0,(anonymous_0)
FNDA:0,(anonymous_1)
FNDA:0,(anonymous_2)
FNDA:0,(anonymous_3)
FNDA:0,(anonymous_4)
FNDA:0,(anonymous_5)
DA:2,0
DA:3,0
DA:5,0
DA:7,0
DA:13,0
DA:14,0
DA:15,0
DA:16,0
DA:18,0
DA:19,0
DA:25,0
DA:26,0
DA:33,0
DA:34,0
DA:41,0
DA:42,0
DA:43,0
DA:49,0
DA:50,0
DA:57,0
DA:65,0
DA:67,0
DA:83,0
DA:84,0
DA:96,0
DA:97,0
DA:98,0
DA:100,0
DA:101,0
DA:107,0
DA:108,0
DA:115,0
DA:116,0
DA:117,0
DA:123,0
DA:124,0
DA:130,0
DA:132,0
DA:139,0
DA:152,0
DA:153,0
DA:165,0
DA:166,0
DA:167,0
DA:169,0
DA:170,0
DA:176,0
DA:177,0
DA:183,0
DA:185,0
DA:186,0
DA:193,0
DA:194,0
DA:195,0
DA:201,0
DA:218,0
DA:219,0
DA:231,0
DA:232,0
DA:233,0
DA:234,0
DA:236,0
DA:237,0
DA:243,0
DA:244,0
DA:251,0
DA:252,0
DA:253,0
DA:259,0
DA:260,0
DA:261,0
DA:268,0
DA:269,0
DA:270,0
DA:271,0
DA:273,0
DA:274,0
DA:280,0
DA:282,0
DA:283,0
DA:290,0
DA:292,0
DA:301,0
DA:302,0
DA:310,0
DA:311,0
DA:312,0
DA:315,0
DA:317,0
DA:325,0
DA:331,0
LF:91
LH:0
BRDA:18,0,0,0
BRDA:25,1,0,0
BRDA:33,2,0,0
BRDA:33,3,0,0
BRDA:33,3,1,0
BRDA:42,4,0,0
BRDA:49,5,0,0
BRDA:100,6,0,0
BRDA:107,7,0,0
BRDA:116,8,0,0
BRDA:123,9,0,0
BRDA:169,10,0,0
BRDA:176,11,0,0
BRDA:185,12,0,0
BRDA:194,13,0,0
BRDA:194,14,0,0
BRDA:194,14,1,0
BRDA:236,15,0,0
BRDA:243,16,0,0
BRDA:252,17,0,0
BRDA:260,18,0,0
BRDA:260,19,0,0
BRDA:260,19,1,0
BRDA:269,20,0,0
BRDA:270,21,0,0
BRDA:271,22,0,0
BRDA:273,23,0,0
BRDA:282,24,0,0
BRDA:315,25,0,0
BRDA:315,25,1,0
BRDA:320,26,0,0
BRDA:320,26,1,0
BRF:32
BRH:0
end_of_record
TN:
SF:src\controllers\projectController.ts
FN:9,(anonymous_0)
FN:45,(anonymous_1)
FN:51,(anonymous_2)
FN:57,(anonymous_3)
FN:73,(anonymous_4)
FN:86,(anonymous_5)
FNF:6
FNH:0
FNDA:0,(anonymous_0)
FNDA:0,(anonymous_1)
FNDA:0,(anonymous_2)
FNDA:0,(anonymous_3)
FNDA:0,(anonymous_4)
FNDA:0,(anonymous_5)
DA:2,0
DA:3,0
DA:4,0
DA:7,0
DA:10,0
DA:11,0
DA:12,0
DA:14,0
DA:15,0
DA:16,0
DA:18,0
DA:25,0
DA:27,0
DA:41,0
DA:46,0
DA:47,0
DA:48,0
DA:50,0
DA:51,0
DA:52,0
DA:54,0
DA:57,0
DA:68,0
DA:74,0
DA:75,0
DA:76,0
DA:78,0
DA:79,0
DA:81,0
DA:82,0
DA:87,0
DA:88,0
DA:89,0
DA:91,0
DA:92,0
DA:94,0
DA:95,0
DA:97,0
DA:98,0
DA:101,0
DA:114,0
LF:41
LH:0
BRDA:14,0,0,0
BRDA:15,1,0,0
BRDA:15,2,0,0
BRDA:15,2,1,0
BRDA:16,3,0,0
BRDA:48,4,0,0
BRDA:63,5,0,0
BRDA:63,5,1,0
BRDA:76,6,0,0
BRDA:88,7,0,0
BRDA:88,7,1,0
BRDA:91,8,0,0
BRDA:92,9,0,0
BRDA:95,10,0,0
BRDA:97,11,0,0
BRF:15
BRH:0
end_of_record
TN:
SF:src\controllers\shareController.ts
FN:17,(anonymous_0)
FN:59,(anonymous_1)
FN:119,(anonymous_2)
FN:173,(anonymous_3)
FN:218,(anonymous_4)
FN:244,(anonymous_5)
FNF:6
FNH:0
FNDA:0,(anonymous_0)
FNDA:0,(anonymous_1)
FNDA:0,(anonymous_2)
FNDA:0,(anonymous_3)
FNDA:0,(anonymous_4)
FNDA:0,(anonymous_5)
DA:4,0
DA:7,0
DA:8,0
DA:9,0
DA:10,0
DA:12,0
DA:18,0
DA:19,0
DA:21,0
DA:22,0
DA:25,0
DA:28,0
DA:31,0
DA:34,0
DA:41,0
DA:44,0
DA:51,0
DA:52,0
DA:60,0
DA:61,0
DA:62,0
DA:64,0
DA:65,0
DA:68,0
DA:71,0
DA:73,0
DA:74,0
DA:75,0
DA:80,0
DA:81,0
DA:82,0
DA:89,0
DA:92,0
DA:93,0
DA:94,0
DA:98,0
DA:100,0
DA:102,0
DA:111,0
DA:112,0
DA:120,0
DA:121,0
DA:122,0
DA:124,0
DA:125,0
DA:128,0
DA:131,0
DA:133,0
DA:134,0
DA:137,0
DA:140,0
DA:142,0
DA:143,0
DA:147,0
DA:155,0
DA:158,0
DA:165,0
DA:166,0
DA:174,0
DA:175,0
DA:176,0
DA:181,0
DA:182,0
DA:187,0
DA:188,0
DA:190,0
DA:192,0
DA:193,0
DA:195,0
DA:199,0
DA:200,0
DA:204,0
DA:206,0
DA:207,0
DA:210,0
DA:211,0
DA:219,0
DA:220,0
DA:221,0
DA:223,0
DA:224,0
DA:227,0
DA:229,0
DA:230,0
DA:232,0
DA:236,0
DA:237,0
DA:245,0
DA:246,0
DA:248,0
DA:250,0
DA:252,0
DA:253,0
DA:256,0
DA:257,0
LF:95
LH:0
BRDA:21,0,0,0
BRDA:64,1,0,0
BRDA:73,2,0,0
BRDA:80,3,0,0
BRDA:80,4,0,0
BRDA:80,4,1,0
BRDA:93,5,0,0
BRDA:124,6,0,0
BRDA:124,7,0,0
BRDA:124,7,1,0
BRDA:128,8,0,0
BRDA:128,8,1,0
BRDA:133,9,0,0
BRDA:142,10,0,0
BRDA:150,11,0,0
BRDA:150,11,1,0
BRDA:181,12,0,0
BRDA:187,13,0,0
BRDA:187,14,0,0
BRDA:187,14,1,0
BRDA:187,14,2,0
BRDA:190,15,0,0
BRDA:192,16,0,0
BRDA:192,17,0,0
BRDA:192,17,1,0
BRDA:199,18,0,0
BRDA:223,19,0,0
BRDA:223,20,0,0
BRDA:223,20,1,0
BRDA:229,21,0,0
BRDA:229,21,1,0
BRDA:248,22,0,0
BRF:32
BRH:0
end_of_record
TN:
SF:src\controllers\timelineController.ts
FN:6,(anonymous_0)
FN:14,(anonymous_1)
FN:31,(anonymous_2)
FNF:3
FNH:0
FNDA:0,(anonymous_0)
FNDA:0,(anonymous_1)
FNDA:0,(anonymous_2)
DA:2,0
DA:4,0
DA:7,0
DA:9,0
DA:11,0
DA:14,0
DA:23,0
DA:25,0
DA:26,0
DA:32,0
DA:33,0
DA:34,0
DA:36,0
DA:37,0
DA:40,0
DA:42,0
DA:44,0
DA:45,0
LF:18
LH:0
BRDA:36,0,0,0
BRF:1
BRH:0
end_of_record
TN:
SF:src\controllers\userController.ts
FN:9,(anonymous_0)
FN:83,(anonymous_1)
FNF:2
FNH:0
FNDA:0,(anonymous_0)
FNDA:0,(anonymous_1)
DA:2,0
DA:4,0
DA:10,0
DA:11,0
DA:13,0
DA:16,0
DA:17,0
DA:24,0
DA:25,0
DA:26,0
DA:33,0
DA:36,0
DA:38,0
DA:39,0
DA:42,0
DA:54,0
DA:57,0
DA:58,0
DA:64,0
DA:65,0
DA:72,0
DA:84,0
DA:86,0
DA:96,0
DA:97,0
LF:25
LH:0
BRDA:16,0,0,0
BRDA:16,1,0,0
BRDA:16,1,1,0
BRDA:16,1,2,0
BRDA:25,2,0,0
BRDA:38,3,0,0
BRDA:57,4,0,0
BRDA:57,5,0,0
BRDA:57,5,1,0
BRDA:64,6,0,0
BRF:10
BRH:0
end_of_record
TN:
SF:src\controllers\worldController.ts
FN:5,(anonymous_0)
FN:17,(anonymous_1)
FN:40,(anonymous_2)
FN:49,(anonymous_3)
FNF:4
FNH:0
FNDA:0,(anonymous_0)
FNDA:0,(anonymous_1)
FNDA:0,(anonymous_2)
FNDA:0,(anonymous_3)
DA:2,0
DA:4,0
DA:6,0
DA:7,0
DA:8,0
DA:9,0
DA:11,0
DA:18,0
DA:19,0
DA:20,0
DA:21,0
DA:25,0
DA:27,0
DA:33,0
DA:35,0
DA:41,0
DA:42,0
DA:43,0
DA:45,0
DA:50,0
DA:51,0
DA:52,0
DA:53,0
DA:56,0
DA:58,0
DA:59,0
DA:61,0
LF:27
LH:0
BRDA:21,0,0,0
BRDA:25,1,0,0
BRDA:25,1,1,0
BRDA:53,2,0,0
BRDA:56,3,0,0
BRDA:56,3,1,0
BRF:6
BRH:0
end_of_record
